180302-05:00:47 NNNNNNNNNNNNNNNNNNNN 
180302-06:27:26 [V]: 
180302-06:27:26 [V]: 
180302-06:27:26 [V]: 
180302-06:27:26 [V]: 
180302-06:27:26 [V]: 
180302-06:27:26 [V]: 
180302-06:27:26 [V]: 
180302-06:27:26 [V]: 
180302-06:27:26 [V]: 
180302-06:27:26 [V]: 
180302-06:27:26 [V]: 
180302-06:27:26 [V]: 
180302-06:27:49 NNNNNNNNNNNNNNNNNNNN 
180302-07:14:38 NNNNNNNNNNNNNNNNNNNN 
180302-07:14:38 [H]:474554202f6170692f636865636b7265616c697020485454502f312e300d0a486f73743a20736170692e72736f636b732e6e65740d0a4b6565702d416c6976653a203330300d0a436f6e6e656374696f6e3a206b6565702d616c6976650d0a557365722d4167656e743a204d6f7a696c6c612f352e30202857696e646f7773204e542031302e303b20574f5736343b2072763a34372e3029204765636b6f2f32303130303130312046697265666f782f34372e300d0a0d0a 
180302-07:14:39 [V]:485454502f312e3120323030204f4b0d0a5365727665723a206e67696e780d0a446174653a204672692c203032204d617220323031382030373a31343a333920474d540d0a436f6e74656e742d547970653a20746578742f706c61696e3b636861727365743d5554462d380d0a436f6e74656e742d4c656e6774683a2034330d0a436f6e6e656374696f6e3a206b6565702d616c6976650d0a507261676d613a207075626c69630d0a4163636570742d52616e6765733a2062797465730d0a457870697265733a20300d0a43616368652d436f6e74726f6c3a206d7573742d726576616c69646174652c20706f73742d636865636b3d302c207072652d636865636b3d300d0a436f6e74656e742d446973706f736974696f6e3a20696e6c696e653b2066696c656e616d653d22636865636b7265616c6970220d0a0d0a3139382e3139392e37382e35380d0a3139382e3139392e37382e35380d0a556e6974656420537461746573 
180302-07:15:54 [V]: 
180302-07:15:54 [V]: 
180302-07:15:54 [V]: 
180302-07:15:54 [V]: 
180302-07:15:54 [V]: 
180302-07:15:54 [V]: 
180302-07:15:54 [V]: 
180302-07:15:54 [V]: 
180302-07:15:54 [V]: 
180302-07:15:54 [V]: 
180302-07:15:54 [V]: 
180302-07:15:54 [V]: 
180302-07:15:54 [V]: 
180302-07:15:54 [V]: 
180302-07:15:54 [V]: 
180302-07:15:54 [V]: 
180302-07:15:54 [V]: 
180302-07:15:54 [V]: 
180302-07:15:54 [V]: 
180302-08:00:13 [H]: 
180302-08:00:13 [H]: 
180302-08:00:13 [H]: 
180302-08:00:13 [H]: 
180302-08:00:13 [H]: 
180302-08:00:13 [H]: 
180302-08:00:13 [H]: 
180302-08:00:13 [H]: 
180302-08:00:47 NNNNNNNNNNNNNNNNNNNN 
180302-09:50:39 NNNNNNNNNNNNNNNNNNNN 
180302-09:50:39 [H]:474554202f6170692f636865636b7265616c697020485454502f312e300d0a486f73743a20736170692e72736f636b732e6e65740d0a4b6565702d416c6976653a203330300d0a436f6e6e656374696f6e3a206b6565702d616c6976650d0a557365722d4167656e743a204d6f7a696c6c612f352e30202857696e646f7773204e542031302e303b20574f5736343b2072763a34372e3029204765636b6f2f32303130303130312046697265666f782f34372e300d0a0d0a 
180302-09:50:39 [V]:485454502f312e3120323030204f4b0d0a5365727665723a206e67696e780d0a446174653a204672692c203032204d617220323031382030393a35303a333920474d540d0a436f6e74656e742d547970653a20746578742f706c61696e3b636861727365743d5554462d380d0a436f6e74656e742d4c656e6774683a2034330d0a436f6e6e656374696f6e3a206b6565702d616c6976650d0a507261676d613a207075626c69630d0a4163636570742d52616e6765733a2062797465730d0a457870697265733a20300d0a43616368652d436f6e74726f6c3a206d7573742d726576616c69646174652c20706f73742d636865636b3d302c207072652d636865636b3d300d0a436f6e74656e742d446973706f736974696f6e3a20696e6c696e653b2066696c656e616d653d22636865636b7265616c6970220d0a0d0a3139382e3139392e37382e35380d0a3139382e3139392e37382e35380d0a556e6974656420537461746573 
180302-09:51:54 [V]: 
180302-09:51:54 [V]: 
180302-09:51:54 [V]: 
180302-09:51:54 [V]: 
180302-09:51:54 [V]: 
180302-11:00:19 [H]: 
180302-11:00:19 [H]: 
180302-11:00:19 [H]: 
180302-11:00:19 [H]: 
180302-11:00:48 NNNNNNNNNNNNNNNNNNNN 
180302-14:00:19 [H]: 
180302-14:00:19 [H]: 
180302-14:00:19 [H]: 
180302-14:00:19 [H]: 
180302-14:00:50 NNNNNNNNNNNNNNNNNNNN 
180302-14:27:41 NNNNNNNNNNNNNNNNNNNN 
180302-14:27:41 [H]:474554202f6170692f636865636b7265616c697020485454502f312e300d0a486f73743a20736170692e72736f636b732e6e65740d0a4b6565702d416c6976653a203330300d0a436f6e6e656374696f6e3a206b6565702d616c6976650d0a557365722d4167656e743a204d6f7a696c6c612f352e30202857696e646f7773204e542031302e303b20574f5736343b2072763a34372e3029204765636b6f2f32303130303130312046697265666f782f34372e300d0a0d0a 
180302-14:27:41 [V]:485454502f312e3120323030204f4b0d0a5365727665723a206e67696e780d0a446174653a204672692c203032204d617220323031382031343a32373a343120474d540d0a436f6e74656e742d547970653a20746578742f706c61696e3b636861727365743d5554462d380d0a436f6e74656e742d4c656e6774683a2034330d0a436f6e6e656374696f6e3a206b6565702d616c6976650d0a507261676d613a207075626c69630d0a4163636570742d52616e6765733a2062797465730d0a457870697265733a20300d0a43616368652d436f6e74726f6c3a206d7573742d726576616c69646174652c20706f73742d636865636b3d302c207072652d636865636b3d300d0a436f6e74656e742d446973706f736974696f6e3a20696e6c696e653b2066696c656e616d653d22636865636b7265616c6970220d0a0d0a3139382e3139392e37382e35380d0a3139382e3139392e37382e35380d0a556e6974656420537461746573 
180302-14:28:56 [V]: 
180302-14:28:56 [V]: 
180302-14:28:56 [V]: 
180302-14:28:56 [V]: 
180302-14:28:56 [V]: 
180302-14:56:53 NNNNNNNNNNNNNNNNNNNN 
180302-14:56:55 NNNNNNNNNNNNNNNNNNNN 
180302-14:56:55 [H]:474554202f6170692f636865636b7265616c697020485454502f312e300d0a486f73743a20736170692e72736f636b732e6e65740d0a4b6565702d416c6976653a203330300d0a436f6e6e656374696f6e3a206b6565702d616c6976650d0a557365722d4167656e743a204d6f7a696c6c612f352e30202857696e646f7773204e542031302e303b20574f5736343b2072763a34372e3029204765636b6f2f32303130303130312046697265666f782f34372e300d0a0d0a 
180302-14:56:55 [V]:485454502f312e3120323030204f4b0d0a5365727665723a206e67696e780d0a446174653a204672692c203032204d617220323031382031343a35363a353520474d540d0a436f6e74656e742d547970653a20746578742f706c61696e3b636861727365743d5554462d380d0a436f6e74656e742d4c656e6774683a2034330d0a436f6e6e656374696f6e3a206b6565702d616c6976650d0a507261676d613a207075626c69630d0a4163636570742d52616e6765733a2062797465730d0a457870697265733a20300d0a43616368652d436f6e74726f6c3a206d7573742d726576616c69646174652c20706f73742d636865636b3d302c207072652d636865636b3d300d0a436f6e74656e742d446973706f736974696f6e3a20696e6c696e653b2066696c656e616d653d22636865636b7265616c6970220d0a0d0a3139382e3139392e37382e35380d0a3139382e3139392e37382e35380d0a556e6974656420537461746573 
180302-14:58:10 [V]: 
180302-14:58:10 [V]: 
180302-14:58:10 [V]: 
180302-14:58:10 [V]: 
180302-15:00:53 [V]: 
180302-15:00:53 [V]: 
180302-15:00:53 [V]: 
180302-15:00:53 [V]: 
180302-15:00:53 [V]: 
180302-15:00:53 [V]: 
180302-17:00:32 NNNNNNNNNNNNNNNNNNNN 
180302-17:00:32 [H]:474554202f6170692f636865636b7265616c697020485454502f312e300d0a486f73743a20736170692e72736f636b732e6e65740d0a4b6565702d416c6976653a203330300d0a436f6e6e656374696f6e3a206b6565702d616c6976650d0a557365722d4167656e743a204d6f7a696c6c612f352e30202857696e646f7773204e542031302e303b20574f5736343b2072763a34372e3029204765636b6f2f32303130303130312046697265666f782f34372e300d0a0d0a 
180302-17:00:32 [V]:485454502f312e3120323030204f4b0d0a5365727665723a206e67696e780d0a446174653a204672692c203032204d617220323031382031373a30303a333220474d540d0a436f6e74656e742d547970653a20746578742f706c61696e3b636861727365743d5554462d380d0a436f6e74656e742d4c656e6774683a2034330d0a436f6e6e656374696f6e3a206b6565702d616c6976650d0a507261676d613a207075626c69630d0a4163636570742d52616e6765733a2062797465730d0a457870697265733a20300d0a43616368652d436f6e74726f6c3a206d7573742d726576616c69646174652c20706f73742d636865636b3d302c207072652d636865636b3d300d0a436f6e74656e742d446973706f736974696f6e3a20696e6c696e653b2066696c656e616d653d22636865636b7265616c6970220d0a0d0a3139382e3139392e37382e35380d0a3139382e3139392e37382e35380d0a556e6974656420537461746573 
180302-17:01:47 [V]: 
180302-17:01:47 [V]: 
180302-17:01:47 [V]: 
180302-17:01:47 [V]: 
180302-19:19:49 NNNNNNNNNNNNNNNNNNNN 
180302-19:19:50 NNNNNNNNNNNNNNNNNNNN 
180302-19:19:50 [H]:474554202f6170692f636865636b7265616c697020485454502f312e300d0a486f73743a20736170692e72736f636b732e6e65740d0a4b6565702d416c6976653a203330300d0a436f6e6e656374696f6e3a206b6565702d616c6976650d0a557365722d4167656e743a204d6f7a696c6c612f352e30202857696e646f7773204e542031302e303b20574f5736343b2072763a34372e3029204765636b6f2f32303130303130312046697265666f782f34372e300d0a0d0a 
180302-19:19:51 [V]:485454502f312e3120323030204f4b0d0a5365727665723a206e67696e780d0a446174653a204672692c203032204d617220323031382031393a31393a353020474d540d0a436f6e74656e742d547970653a20746578742f706c61696e3b636861727365743d5554462d380d0a436f6e74656e742d4c656e6774683a2034330d0a436f6e6e656374696f6e3a206b6565702d616c6976650d0a507261676d613a207075626c69630d0a4163636570742d52616e6765733a2062797465730d0a457870697265733a20300d0a43616368652d436f6e74726f6c3a206d7573742d726576616c69646174652c20706f73742d636865636b3d302c207072652d636865636b3d300d0a436f6e74656e742d446973706f736974696f6e3a20696e6c696e653b2066696c656e616d653d22636865636b7265616c6970220d0a0d0a3139382e3139392e37382e35380d0a3139382e3139392e37382e35380d0a556e6974656420537461746573 
180302-19:21:06 [V]: 
180302-19:21:06 [V]: 
180302-19:21:06 [V]: 
180302-19:21:06 [V]: 
180302-19:21:06 [V]: 
180302-19:23:49 [V]: 
180302-19:23:49 [V]: 
180302-19:23:49 [V]: 
180302-19:23:49 [V]: 
180303-05:00:24 [H]: 
180303-05:00:24 [H]: 
180303-05:00:24 [H]: 
180303-05:00:50 NNNNNNNNNNNNNNNNNNNN 
