180304-11:05:51 support:support 
180304-11:05:51 support:admin 
180304-11:05:51 support:root 
180304-11:05:51 support:ubnt 
180304-11:05:51 support:user 
180304-11:05:52 support:test 
180304-11:05:52 support:guest 
180304-11:05:52 support:default 
180304-11:05:52 support:uucp 
180304-11:05:52 support:password 
180304-11:05:53 support:manager 
180304-11:05:53 support:service 
180304-11:05:53 support:administrator 
180304-11:05:53 support:server 
180304-11:05:53 support:admin1234 
180304-11:05:54 support:admin123 
180304-11:05:54 support:123456 
180304-11:05:55 admin:support 
180304-11:05:55 admin:admin 
180304-11:05:55 admin:root 
180304-11:05:55 admin:ubnt 
180304-11:05:55 admin:user 
180304-11:05:56 admin:test 
180304-11:05:56 admin:guest 
180304-11:05:56 admin:default 
180304-11:05:56 admin:uucp 
180304-11:05:56 admin:password 
180304-11:05:57 admin:manager 
180304-11:05:57 admin:service 
180304-11:05:57 admin:administrator 
180304-11:05:57 admin:server 
180304-11:05:57 admin:admin1234 
180304-11:05:58 admin:admin123 
180304-11:05:58 admin:123456 
180304-11:05:59 root:support 
180304-11:05:59 root:admin 
180304-11:05:59 root:root 
180304-11:05:59 root:ubnt 
180304-11:05:59 root:user 
180304-11:06:00 root:test 
180304-11:06:00 root:guest 
180304-11:06:00 root:default 
180304-11:06:00 root:uucp 
180304-11:06:00 root:password 
180304-11:06:01 root:manager 
180304-11:06:01 root:service 
180304-11:06:01 root:administrator 
180304-11:06:01 root:server 
180304-11:06:01 root:admin1234 
180304-11:06:02 root:admin123 
