180315-20:59:31 root:123456 
180315-20:59:34 root:root 
180315-20:59:36 root:password 
180315-20:59:41 root:passwrod 
180315-20:59:43 root:root123 
180315-20:59:45 root:ubuntu 
180315-20:59:50 root:centos6svm 
180315-20:59:52 root:admin4567 
180315-20:59:55 root:8tmx7crtd 
180315-20:59:59 root:88889999 
180315-21:00:01 root:7788414 
180315-21:00:03 root:4meonly 
180315-21:00:08 root:177idc 
180315-21:00:10 root:12qwaszxc 
180315-21:00:13 root:Welcome001 
180315-21:00:17 root:wanning 
180315-21:00:19 root:tj5_cdu&:)123 
180315-21:00:22 root:smile 
180315-21:00:26 root:saleens7 
180315-21:00:29 root:redhat1234 
180315-21:00:31 root:pinkfloyd 
180315-21:00:35 root:philips 
180315-21:00:37 root:perl 
180315-21:00:40 root:p455word1 
180315-21:00:44 root:owner 
180315-21:00:46 root:mmmmmmmm 
180315-21:00:49 root:merdeka 
180315-21:00:53 root:march 
180315-21:00:55 root:lobster 
180315-21:00:58 root:linux64 
180315-21:01:03 root:ironmaiden 
180315-21:01:05 root:hemant 
180315-21:01:07 root:gogo1212 
180315-21:01:14 root:gnats 
180315-21:01:17 root:Fearless123 
180315-21:01:19 root:duston 
180315-21:01:26 root:dawei 
180315-21:01:29 root:birthday 
180315-21:01:31 root:bertha 
180315-21:01:37 root:apples123 
180315-21:01:40 root:antinea 
180315-21:01:42 root:amethyst 
180315-21:01:46 root:474820283 
180315-21:01:49 root:181818 
180315-21:01:51 root:12123434 
180315-21:01:55 root:spiderman 
180315-21:01:57 root:sns123 
180315-21:01:59 root:seeker 
180315-21:02:03 root:samridhi 
180315-21:02:05 root:roberta 
180315-21:02:07 root:redsea 
180315-21:02:13 root:redredred1 
180315-21:02:16 root:qingge 
180315-21:02:18 root:qazwsx1 
180315-21:02:25 root:123456 
180315-21:02:27 root:root 
180315-21:02:30 root:password 
180315-21:02:35 root:passwrod 
180315-21:02:37 root:root123 
180315-21:02:39 root:ubuntu 
180315-21:02:43 root:centos6svm 
180315-21:02:45 root:111222 
180315-21:02:48 root:00112233 
180315-21:02:51 root:y0urm0m 
180315-21:02:54 root:wolfbane 
180315-21:02:56 root:tweety 
180315-21:02:59 root:tkggja850518`1 
180315-21:03:01 root:serendipity 
180315-21:03:03 root:reese12 
180315-21:03:08 root:Qwert12345 
180315-21:03:10 root:qwea 
180315-21:03:12 root:pineappl 
180315-21:03:17 root:opennow 
180315-21:03:19 root:mtview 
180315-21:03:21 root:monkey21 
180315-21:03:26 root:monitor123 
180315-21:03:28 root:messenger 
180315-21:03:30 root:marine 
180315-21:03:34 root:lansing 
180315-21:03:36 root:kookoo 
180315-21:03:38 root:jipJzX 
180315-21:03:42 root:jh123445 
180315-21:03:44 root:glen 
180315-21:03:46 root:fortune 
180315-21:03:51 root:fabian123 
180315-21:03:53 root:ending 
180315-21:03:55 root:dewi 
180315-21:03:59 root:chubaka 
180315-21:04:01 root:celeste 
180315-21:04:03 root:bluelite 
180315-21:04:07 root:atomic 
180315-21:04:09 root:!a@s 
180315-21:04:12 root:alesis 
180315-21:04:17 root:aaliyah 
180315-21:04:19 root:882627.8 
180315-21:04:21 root:5BM4kj19.86 
180315-21:04:26 root:1zxc3qwe 
180315-21:04:28 root:1951 
180315-21:04:31 root:zqw123 
180315-21:04:35 root:tara11 
180315-21:04:37 root:symbolic 
180315-21:04:39 root:squirt 
180315-21:04:44 root:spanky123 
180315-21:04:47 root:satan 
180315-21:04:48 root:redhead 
180315-21:04:52 root:qttqtt 
180315-21:04:55 root:polarbear 
180315-21:04:57 root:pioneer 
180315-21:07:12 root:123456 
180315-21:07:14 root:root 
180315-21:07:16 root:password 
180315-21:07:20 root:passwrod 
180315-21:07:22 root:root123 
180315-21:07:24 root:ubuntu 
180315-21:07:28 root:centos6svm 
180315-21:07:30 root:ng 
180315-21:07:32 root:sinbad 
180315-21:07:36 root:sander123 
180315-21:07:38 root:panther 
180315-21:07:41 root:orchid 
180315-21:07:51 root:123456 
180315-21:07:54 root:root 
180315-21:07:56 root:password 
180315-21:07:59 root:passwrod 
180315-21:08:02 root:root123 
180315-21:08:04 root:ubuntu 
180315-21:08:09 root:centos6svm 
180315-21:08:11 root:mandog 
180315-21:08:13 root:jengkol 
180315-21:08:17 root:iu8iu8iu* 
180315-21:08:20 root:engine 
180315-21:08:22 root:edu 
180315-21:08:26 root:delicious 
180315-21:08:28 root:admin.0 
180315-21:08:31 root:456987 
180315-21:08:34 root:1sanjose 
180315-21:08:36 root:unicom123 
180315-21:08:38 root:toronto 
180315-21:08:42 root:testing1 
180315-21:08:45 root:test23 
180315-21:08:46 root:sharp 
180315-21:08:50 root:satellite 
180315-21:08:53 root:qwerty25 
180315-21:08:55 root:qqwwee 
180315-21:08:59 root:qazwsxedcrfvtgb123321 
180315-21:09:01 root:omomom 
180315-21:09:03 root:misty01 
180315-21:09:06 root:123456 
180315-21:09:07 root:mama 
180315-21:09:09 root:root 
180315-21:09:09 root:lesismor 
180315-21:09:10 root:password 
180315-21:09:10 root:inca 
180315-21:09:14 root:frodo123 
180315-21:09:15 root:passwrod 
180315-21:09:16 root:cool123 
180315-21:09:17 root:root123 
180315-21:09:19 root:borussia 
180315-21:09:20 root:ubuntu 
180315-21:09:23 root:baby 
180315-21:09:24 root:centos6svm 
180315-21:09:25 root:azerty31 
180315-21:09:26 root:mandog 
180315-21:09:28 root:aiculedssul 
180315-21:09:28 root:jengkol 
180315-21:09:31 root:333333333 
180315-21:09:32 root:iu8iu8iu* 
180315-21:09:33 root:tucker23 
180315-21:09:34 root:engine 
180315-21:09:35 root:sunset 
180315-21:09:36 root:edu 
180315-21:09:40 root:stefan 
180315-21:09:43 root:sqwzndz84 
180315-21:09:45 root:rpm 
180315-21:09:50 root:monkeypoo1 
180315-21:09:52 root:mailtest 
180315-21:09:54 root:lambda 
180315-21:09:58 root:isauro12 
180315-21:10:00 root:innsbruck 
180315-21:10:02 root:iloveyou2 
180315-21:10:06 root:gulf 
180315-21:10:08 root:chaiya 
180315-21:10:10 root:Aa123456 
180315-21:10:14 root:989898 
180315-21:10:16 root:181290 
180315-21:10:19 root:14101996 
180315-21:10:23 root:welcome@1 
180315-21:10:26 root:wangye 
180315-21:10:28 root:tokyo 
180315-21:10:32 root:tigger 
180315-21:10:34 root:system9 
180315-21:10:37 root:syrup 
180315-21:10:41 root:sylvain 
180315-21:10:43 root:sapphire 
180315-21:10:45 root:qwertu 
180315-21:10:49 root:neoneo 
180315-21:10:51 root:mikal 
180315-21:10:54 root:garcia 
180315-21:10:58 root:$e50i45d$ 
180315-21:11:00 root:diana123 
180315-21:11:02 root:china 
180315-21:11:06 root:boomboom 
180315-21:11:08 root:bloomberg 
180315-21:11:10 root:asdasd12 
180315-21:11:15 root:annieamma 
180315-21:11:18 root:adadad 
180315-21:11:20 root:242424 
