180303-21:11:31  0101:0101 
180303-21:11:33 0: 
180303-21:11:33 0:  
180303-21:11:44 1234:1234 
180304-17:50:49  0101:0101 
180305-15:38:50  0101:0101 
180305-15:38:53 0: 
180305-15:38:54 0:  
180305-15:38:58 1234:1234 
180305-15:39:02 admin: 
180305-15:39:09 admin:! 
180305-15:39:10 admin:& 
180305-15:39:10 admin:100000 
180305-15:39:10 admin:1234 
180305-15:39:10 admin:12345 
180305-15:39:18 admin:123456 
180305-15:39:18 admin:admin 
180305-15:39:19 admin:admin01 
180305-15:39:19 admin:admin123 
180305-15:39:19 admin:password 
180305-15:39:21 admin:ubnt 
180305-15:39:22 default:1 
180305-15:39:22 default:default 
180305-15:39:24 ftp:123456 
180305-15:39:26 guest:guest 
180306-06:51:00  0101:0101 
180306-06:51:03 0: 
180306-06:51:04 0:  
180306-06:51:05 1234:1234 
180306-06:51:08 admin: 
180306-06:51:12 admin:! 
180306-06:51:12 admin:& 
180306-06:51:13 admin:100000 
180306-06:51:13 admin:1234 
180306-06:51:14 admin:12345 
180306-06:51:15 admin:123456 
180306-06:51:16 admin:admin 
180306-06:51:16 admin:admin01 
180306-06:51:16 admin:admin123 
180306-06:51:17 admin:password 
180306-06:51:19 admin:ubnt 
180306-06:51:22 default:1 
180306-06:51:22 default:default 
180306-06:51:24 ftp:123456 
180306-06:51:26 guest:guest 
180306-06:51:29 operator:operator 
180306-06:51:31 osmc:osmc 
180306-06:51:34 root: 
180306-06:51:34 root:admin 
180306-06:51:34 root:root 
180306-06:51:39 support:support 
180306-06:51:41 telecomadmin:nE7jA%5m 
180306-06:51:42 test:test 
180306-06:51:44 ubnt:ubnt 
180306-06:51:46 user:1234 
180306-06:51:48 user:user 
180306-06:51:50 user1: 
180306-06:51:50 user1:1234 
