180302-03:20:18 root:wubao 
180302-03:20:19 root:wubao 
180302-03:20:20 root:wubao 
180302-03:20:21 root:wubao 
180302-03:20:22 root:wubao 
180302-03:20:22 root:admin 
180302-03:20:23 root:root 
180302-03:20:24 root:alpine 
180302-03:20:25 root:123456 
180302-03:22:01 root:mduadmin 
180302-03:22:02 root:superuser 
180302-03:22:03 root:calvin 
180302-03:22:04 root:root123 
180302-03:22:04 root:password 
180302-03:22:05 root:000000 
180302-03:22:06 root:public 
180302-03:22:07 root:raspberry 
180302-03:22:07 root:admin123 
180302-03:22:11 root:P@ssw0rd 
180302-03:22:12 root:woofwoof 
180302-03:22:13 root:toor 
180302-03:22:13 root:casa 
180302-03:22:14 root:12345678 
180302-03:22:15 root:lab123 
180302-03:22:16 root:passw0rd 
180302-03:22:17 root:root@123 
180302-03:22:17 root:1234 
180302-03:22:21 root:admin@123 
180302-03:22:22 root:abc123 
180302-03:22:22 root:111111 
180302-03:22:23 root:cisco123 
180302-03:22:24 root:jiamima 
180302-03:22:25 root:12345 
180302-03:22:26 root:aqua 
180302-03:22:26 root:default 
180302-03:22:27 root:123 
180302-03:23:29 root:pi 
180302-03:23:30 root:abcd1234 
180302-03:23:31 root:test 
180302-03:23:32 root:1 
180302-03:23:32 root:changeme 
180302-03:23:33 root:Huawei@123 
180302-03:23:34 root:1qaz@WSX 
180302-03:23:35 root:wsad 
180302-03:23:36 root:cisco 
180302-03:23:39 root:redhat 
180302-03:23:40 root:huawei123 
180302-03:23:41 root:1qaz2wsx 
180302-03:23:42 root:root1234 
180302-03:23:42 root:rootroot 
180302-03:23:43 root:bluetooth 
180302-03:23:44 root:Aa123456 
180302-03:23:45 root:123456789 
180302-03:23:45 root:adminpassword 
180302-03:23:49 root:1qaz!QAZ 
180302-03:23:50 root:passwd123 
180302-03:23:51 root:P@ssw0rd! 
180302-03:23:52 root:1234qwer 
180302-03:23:52 root:1986 
180302-03:23:53 root:athens 
180302-03:23:54 root:oracle 
180302-03:23:55 root:ubuntu 
180302-03:23:55 root:server 
180302-03:24:42 root:qwer1234 
180302-03:24:43 root:123qwe 
180302-03:24:44 root:linux 
180302-03:24:45 root:!51@hw#deb 
180302-03:24:45 root:392 
180302-03:24:46 root:centos 
180302-03:24:47 root:qwe123 
180302-03:24:48 root:pass 
180302-03:24:49 root:insight 
180302-03:24:52 root:1q2w3e4r 
180302-03:24:53 root:!QAZ2wsx 
180302-03:24:54 root:0 
180302-03:24:55 root:a123123 
180302-03:24:56 root:Password1 
180302-03:24:57 root:4rfv$RFV 
180302-03:24:57 root:123123 
180302-03:24:58 root:!root 
180302-03:24:59 root:eclipse 
180302-03:25:03 root:sysadmin 
180302-03:25:04 root:vmware 
180302-03:25:05 root:abc@123 
180302-03:25:06 root:!#%& 
180302-03:25:07 root:test1234 
180302-03:25:07 root:tslinux 
180302-03:25:08 root:welcome1 
180302-03:25:09 root:Pa$$w0rd 
180302-03:25:10 root:!qazxsw2 
180302-03:25:15 root:dd 
180302-03:25:16 root:master 
180302-03:25:17 root:qwe123!@# 
180302-03:25:18 root:Welcome123 
180302-03:25:19 root:test123 
180302-03:25:20 root:1qazxsw2 
180302-03:25:21 root:abcd 
180302-03:25:21 root:a 
180302-03:25:22 root:welcome 
180302-03:25:53 root:ubnt 
180302-03:25:54 root:voyage 
180302-03:25:55 root:nimda 
180302-03:25:56 root:passwd 
180302-03:25:56 root:a123456 
180302-03:25:57 root:1q2w3e4r5t 
180302-03:25:58 root:arfarf 
180302-03:25:59 root:altavoces 
180302-03:26:00 root:asd123 
180302-03:26:04 root:123321 
180302-03:26:05 root:operator 
180302-03:26:06 root:qwerty 
180302-03:26:07 root:rootpass 
180302-03:26:08 root:root123456 
180302-03:26:08 root:root00 
180302-03:26:09 root:samsung 
180302-03:26:10 root:super 
180302-03:26:11 root:1234567 
180302-03:26:49 root:asdfasdf 
180302-03:26:49 root:Changeme_123 
180302-03:26:50 root:buffy 
180302-03:26:51 root:1qaz@WSX3edc 
180302-03:26:52 root:1qazxsw@ 
180302-03:26:53 root:666666 
180302-03:26:53 root:root1 
180302-03:26:54 root:password123 
180302-03:26:55 root:zxcvbnm, 
180302-03:27:25 root:q 
180302-03:27:26 root:q1w2e3r4 
180302-03:27:27 root:p 
180302-03:27:28 root:12qwaszx 
180302-03:27:29 root:159753 
180302-03:27:29 root:123qwe!@# 
180302-03:27:30 root:888888 
180302-03:27:31 root:apple 
180302-03:27:32 root:opendoor 
180302-03:27:35 root:root01 
180302-03:27:36 root:vicidialnow 
180302-03:27:37 root:asdf1234 
180302-03:27:38 root:novell 
180302-03:27:39 root:admin1 
180302-03:27:39 root:0000 
180302-03:27:40 root:1234567890 
180302-03:27:41 root:1qaz2wsx3edc 
180302-03:27:42 root:t0talc0ntr0l4! 
180302-03:27:46 root:qwerty123 
180302-03:27:46 root:soho 
180302-03:27:47 root:123.com 
180302-03:27:48 root:!QAZ2wsx#EDC 
180302-03:27:49 root:manager 
180302-03:27:50 root:b 
180302-03:27:51 root:admin01 
180302-03:27:51 root:admin1234 
180302-03:27:52 root:admin888 
180302-03:27:59 root:# 
180302-03:28:00 root:rzx!@!*baizhao 
180302-03:28:00 root:rootme 
180302-03:28:01 root:p@$$w0rd 
180302-03:28:02 root:r00tr00t 
180302-03:28:03 root:qq123456 
180302-03:28:04 root:! 
180302-03:28:04 root:frontier 
180302-03:28:05 root:letmein 
180302-03:28:09 root:admin789 
180302-03:28:10 root:admin123456 
180302-03:28:10 root:bananas 
180302-03:28:11 root:diablo 
180302-03:28:12 root:abc123456 
180302-03:28:13 root:QWEasd123 
180302-03:28:14 root:power 
180302-03:28:14 root:zxcvbnm 
180302-03:28:15 root:zip 
180302-03:28:22 root:zaq12wsx 
180302-03:28:23 root:aaaaaa 
180302-03:28:24 root:1q2w3e 
180302-03:28:24 root:11111111 
180302-03:28:25 root:123qweasd 
180302-03:28:26 root:develop 
180302-03:28:27 root:asdf 
180302-03:28:28 root:asd123456 
180302-03:28:28 root:loveme 
