180302-12:13:07 root:!@ 
180302-12:13:08 root:!@ 
180302-12:13:08 root:~!@#$%^& 
180302-12:13:56 root:!@#!@# 
180302-12:13:56 root:!@#$%^ 
180302-12:13:57 root:!@#$%^& 
180302-12:14:44 root:@! 
180302-12:14:45 root:@#$%^& 
180302-12:14:45 root:@#$%& 
180302-12:15:27 root:00000 
180302-12:15:28 root:000000 
180302-12:15:29 root:00000000 
180302-12:16:18 root:000000000 
180302-12:16:19 root:0000000000 
180302-12:16:19 root:010203 
180302-12:29:56 root:1234 
180302-12:29:57 root:!@#1234 
180302-12:29:57 root:1234%^&* 
180302-12:30:48 root:1234000 
180302-12:30:49 root:12341234 
180302-12:30:49 root:12344321 
180302-12:35:52 root:12345678910 
180302-12:35:53 root:12345678gf 
180302-12:35:53 root:1234567a 
180302-12:37:43 root:123456gf 
180302-12:37:43 root:123456q 
180302-12:37:43 root:123456qw4 
180302-12:38:28 root:12345gh 
180302-12:38:28 root:12345qwert 
180302-12:38:29 root:12345qwerta 
180302-12:39:18 root:123465 
180302-12:39:19 root:1234asdf 
180302-12:39:19 root:1234qwer 
180302-12:40:09 root:1234qwera 
180302-12:40:10 root:1234sa 
180302-12:40:11 root:123567 
180302-12:40:59 root:123654 
180302-12:40:59 root:123654789 
180302-12:41:00 root:123654b 
180302-12:41:49 root:123789m 
180302-12:41:50 root:123abc 
180302-12:41:50 root:!@#123abc 
180302-12:42:39 root:123@abc 
180302-12:42:39 root:123asd 
180302-12:42:40 root:123@ASD 
180302-12:43:27 root:123.com 
180302-12:43:28 root:123mysql 
180302-12:43:28 root:123qaz 
180302-12:44:14 root:123qaz!@# 
180302-12:44:15 root:123qwe 
180302-12:44:16 root:123!@#qwe 
180302-12:45:05 root:123.qwe 
180302-12:45:06 root:123qwe!@# 
180302-12:45:06 root:123qwe123 
180302-12:45:57 root:123qweasb 
180302-12:45:58 root:123qweasd 
180302-12:45:58 root:123qweasdzxc 
180302-12:46:49 root:123qwer 
180302-12:46:49 root:123sa 
180302-12:46:50 root:123vvv 
180302-12:47:39 root:12qwaszx 
180302-12:47:40 root:12sa 
180302-12:47:40 root:1380138000 
180302-12:53:38 root:1q1q1w1e 
180302-12:53:39 root:1q2a3z 
180302-12:53:40 root:1q2w 
180302-12:56:09 root:1qaz2ws 
180302-12:56:10 root:1qaz2wsx 
180302-12:56:11 root:1qaz2wsx!@# 
180302-12:57:07 root:1QaZ2WsX 
180302-12:57:07 root:1qaz2wsx1 
180302-12:57:08 root:1qaz2wsx3 
180302-12:57:48 root:1qaz2wsx3ebc4rfv 
180302-12:57:48 root:1qaz3edc 
180302-12:57:49 root:1qaz#EDC 
180302-12:58:39 root:1qazse4 
180302-12:58:39 root:1qaz@wsx 
180302-12:58:40 root:1qaz@WSX 
180302-12:59:32 root:1qaz@WSX3edc$RFV 
180302-12:59:32 root:1qazXSW@ 
180302-12:59:33 root:1qazxsw2 
180302-13:03:53 root:258258 
180302-13:03:54 root:2600 
180302-13:03:55 root:2wsx3edc 
180302-13:09:03 root:3IIS 
180302-13:09:05 root:40000 
180302-13:09:05 root:400tbc 
180302-13:10:06 root:444444444 
180302-13:13:34 root:567%^& 
180302-13:13:34 root:!@#$5678 
180302-13:13:36 root:56789sa 
180302-13:17:50 root:7788aa 
180302-13:17:50 root:789456 
180302-13:17:51 root:789789 
180302-13:18:38 root:7iu45Perc887pW12c76Ecik88 
180302-13:18:38 root:7x24.com 
180302-13:18:39 root:7x24idc 
180302-13:19:27 root:811abmtn 
180302-13:19:28 root:8520 
180302-13:19:29 root:8787 
180302-13:21:13 root:8877 
180302-13:21:14 root:888888 
180302-13:21:15 root:888888888 
180302-13:22:09 root:88888sa 
180302-13:22:10 root:909090 
180302-13:22:10 root:9630 
180302-13:26:20 root:a654321 
180302-13:26:20 root:aa123456 
180302-13:26:21 root:aaa 
180302-13:30:34 root:abc123456 
180302-13:30:35 root:abc@123456 
180302-13:30:35 root:abc1234567 
180302-13:31:28 root:abcb 
180302-13:31:30 root:abcd@123 
180302-13:31:30 root:abcd1234 
180302-13:32:16 root:Abcd1234 
180302-13:32:18 root:abcd123456 
180302-13:32:19 root:abcdabcd 
180302-13:33:05 root:abmtn12 
180302-13:33:05 root:abmtn89 
180302-13:33:06 root:abmtn9 
180302-13:33:56 root:adcdefg 
180302-13:33:56 root:admin 
180302-13:33:56 root:!@#admin 
180302-13:49:04 root:asdasd 
180302-13:49:05 root:asdf 
180302-13:49:06 root:Asdf13579# 
180302-13:51:35 root:bb123445 
180302-13:51:37 root:bj123445 
180302-13:51:37 root:bserver 
180302-13:52:26 root:btlecom 
180302-13:52:26 root:bworb 
180302-13:52:28 root:c30ce61 
180302-13:54:06 root:calvin 
180302-13:54:07 root:caonima 
180302-13:54:07 root:caonimabi 
180302-13:55:00 root:caontma 
180302-13:55:01 root:carlos 
180302-13:55:01 root:cbe3 
180302-13:55:49 root:cchtxgnet 
180302-13:55:50 root:cctv 
180302-13:55:50 root:changeme 
180302-13:56:41 root:changeme123 
180302-13:56:43 root:changeme@123 
180302-13:56:44 root:Changeme123 
180302-13:57:33 root:chanshecom 
180302-13:57:34 root:chat6 
180302-13:57:34 root:chat6123445 
180302-14:01:49 root:chtnafu123 
180302-14:01:50 root:chtnafunet 
180302-14:01:50 root:chtnamo 
180302-14:02:42 root:chtnamobtle 
180302-14:02:43 root:chtnatb 
180302-14:02:43 root:chtnatbc 
180302-14:03:35 root:chtnatbc123445 
180302-14:03:35 root:chtnatbccn 
180302-14:03:35 root:chtnatbccom 
180302-14:04:20 root:chtnatbcnet 
180302-14:04:21 root:chtnatbcnetcn 
180302-14:04:21 root:cisco 
180302-14:08:36 root:cqlanyanwl 
180302-14:08:37 root:cqly 
180302-14:08:37 root:cqsbw 
180302-14:09:26 root:cqsbwhtxgnet 
180302-14:09:27 root:cqtnbex 
180302-14:09:27 root:Crack8 
180302-14:10:21 root:crfvtgb 
180302-14:10:22 root:cuktu123 
180302-14:10:22 root:cyidc!@# 
180302-14:11:08 root:czb 
180302-14:11:08 root:czbhrxgnet 
180302-14:11:09 root:danabc123 
180302-14:12:00 root:daniel 
180302-14:12:01 root:danny 
180302-14:12:01 root:data 
180302-14:12:47 root:ddd!@#$%^& 
180302-14:12:48 root:default 
180302-14:12:49 root:dg10!#%#% 
180302-14:16:10 root:enkj!@#$%^& 
180302-14:16:11 root:ertyasb 
180302-14:16:11 root:ertyutop 
180302-14:17:01 root:!@#ewq 
180302-14:17:01 root:!@#ewqasd 
180302-14:17:02 root:fbsa 
180302-14:17:55 root:fbsazxcvqwer 
180302-14:17:57 root:fghjklqwe 
180302-14:17:57 root:fghzxcvbn 
180302-14:18:42 root:firewall 
180302-14:18:42 root:flfthdxk 
180302-14:18:43 root:fong 
180302-14:19:32 root:frbgtnhymju 
180302-14:19:32 root:ftp123 
180302-14:19:33 root:g0df0r3v3r 
180302-14:20:23 root:gaojte 
180302-14:20:23 root:gateway 
180302-14:20:24 root:gd123456 
180302-14:25:32 root:htxgnet 
180302-14:25:33 root:htxgwx 
180302-14:25:34 root:hu 
180302-14:26:23 root:huangbtn 
180302-14:26:24 root:huangbtng 
180302-14:26:25 root:huawe@123 
180302-14:33:13 root:jerry 
180302-14:33:14 root:jiahuo1111 
180302-14:33:15 root:jiugui 
180302-14:34:57 root:joebob 
180302-14:34:57 root:joytbc 
180302-14:34:58 root:Jquery$%^& 
180302-14:36:40 root:jupiter 
180302-14:36:40 root:jxkj 
180302-14:36:41 root:jywl8888 
180302-14:39:14 root:lenovo 
180302-14:39:15 root:leo_zj2010 
180302-14:39:15 root:letmein 
180302-14:40:04 root:linux 
180302-14:40:06 root:linux123 
180302-14:40:07 root:love 
180302-14:40:51 root:loveyou 
180302-14:40:52 root:ltnkhtxg 
180302-14:40:52 root:luyouqi 
180302-14:49:36 root:null 
180302-14:49:37 root:o12nu27 
180302-14:49:38 root:o2UpVWW1R0 
180302-14:51:16 root:okmnji 
180302-14:51:18 root:okokok 
180302-14:51:21 root:okqy123445 
180302-14:51:56 root:okxr123 
180302-14:51:57 root:okxr123123 
180302-14:51:57 root:okxr654321 
180302-14:52:46 root:okzj123 
180302-14:52:47 root:okzj123445 
180302-14:52:47 root:only 
180302-14:53:38 root:opendoor 
180302-14:53:38 root:oracle 
180302-14:53:39 root:oracle1 
180302-14:55:17 root:pass123 
180302-14:55:18 root:pass12345 
180302-14:55:18 root:passw0rd 
180302-15:03:55 root:pollyO0O!#%& 
180302-15:03:55 root:power 
180302-15:03:56 root:power123 
180302-15:05:34 root:p@ssw0rd 
180302-15:05:35 root:P@ssw0rd 
180302-15:05:36 root:P@ssw0rd!@#$ 
180302-15:06:26 root:p@ssw0rd1 
180302-15:06:26 root:P@ssw0rd1 
180302-15:06:27 root:P@ssw0rd123 
180302-15:07:15 root:P@ssw0rd1234 
180302-15:07:15 root:P@ssw0rd3 
180302-15:07:17 root:P@ssword 
180302-15:08:05 root:public 
180302-15:08:05 root:P@$$w0rd 
180302-15:08:06 root:P@$$word 
180302-15:08:58 root:q111111111 
180302-15:08:58 root:q123456 
180302-15:08:59 root:q1w2e3 
180302-15:25:18 root:qy123123 
180302-15:25:19 root:qy1234457 
180302-15:25:20 root:qy123654 
180302-15:27:07 root:qy321321 
180302-15:27:08 root:qy654789 
180302-15:27:09 root:qytbc 
180302-15:28:00 root:qytbc2007 
180302-15:28:01 root:qyweb 
180302-15:28:02 root:qywebbooL 
180302-15:28:49 root:qywl 
180302-15:28:50 root:r00t 
180302-15:28:51 root:r00t123 
180302-15:29:32 root:rabmtn 
180302-15:29:33 root:radmin 
180302-15:29:33 root:redhat 
180302-15:30:24 root:rewq 
180302-15:30:25 root:rfvtgbyhn 
180302-15:30:26 root:rich 
180302-15:31:13 root:ripper 
180302-15:31:14 root:rkqldk 
180302-15:31:14 root:root 
180302-16:30:40 root:!@ 
180302-16:30:41 root:!@ 
180302-16:30:41 root:alpine 
180302-16:31:21 root:123456 
180302-16:31:22 root:admin 
180302-16:31:22 root:root 
