180315-20:49:48 root:123456 
180315-20:49:50 root:root 
180315-20:49:52 root:password 
180315-20:50:10 root:123456 
180315-20:50:12 root:root 
180315-20:50:14 root:password 
180315-20:50:17 root:passwrod 
180315-20:50:19 root:root123 
180315-20:50:22 root:ubuntu 
180315-20:50:25 root:centos6svm 
180315-20:50:27 root:admin4567 
180315-20:50:30 root:8tmx7crtd 
180315-20:50:33 root:88889999 
180315-20:50:36 root:7788414 
180315-20:50:38 root:4meonly 
180315-20:50:42 root:177idc 
180315-20:50:43 root:12qwaszxc 
180315-20:50:46 root:Welcome001 
180315-20:50:49 root:wanning 
180315-20:50:51 root:tj5_cdu&:)123 
180315-20:50:53 root:smile 
180315-20:50:57 root:saleens7 
180315-20:51:00 root:redhat1234 
180315-20:51:01 root:pinkfloyd 
180315-20:51:05 root:philips 
180315-20:51:08 root:perl 
180315-20:51:10 root:p455word1 
180315-20:51:13 root:owner 
