180303-13:23:10 root:ubuntu14svm 
180303-13:23:12 root:centos6svm 
180303-13:23:14 root:centos7svm 
180303-13:23:16 root:centos 
180303-13:23:18 root:server 
180303-13:23:20 admin:1111 
180303-13:23:22 admin:1234 
180303-13:23:24 admin:password 
180303-13:23:26 admin:admin 
180303-13:23:27 root:debian7svm 
180303-13:23:29 root:debian8svm 
180304-08:12:47 root:ubuntu14svm 
180304-08:12:49 root:centos6svm 
180304-08:12:51 root:centos7svm 
180304-08:12:53 root:centos 
180304-08:12:56 root:server 
180304-08:12:58 admin:1111 
180304-08:13:01 admin:1234 
180304-08:13:02 admin:password 
180304-08:13:04 admin:admin 
180304-08:13:07 root:debian7svm 
180304-08:13:09 root:debian8svm 
180304-08:13:10 root:ubuntu16svm 
180304-08:13:12 root:admin 
180304-15:39:46 root:ubuntu14svm 
180304-15:39:48 root:centos6svm 
180304-15:39:50 root:centos7svm 
180304-15:39:53 root:centos 
180304-15:39:55 root:server 
180304-15:39:57 admin:1111 
180304-15:40:00 admin:1234 
180304-15:40:02 admin:password 
180304-15:40:05 admin:admin 
180304-15:40:09 root:debian7svm 
180304-15:40:12 root:debian8svm 
180304-15:40:14 root:ubuntu16svm 
180304-15:40:17 root:admin 
180304-15:40:19 root:root 
180304-15:40:21 root:password 
