180315-22:27:52 init success 
180315-22:27:52 chattr /dev/shm/VaufpZWnIbWWw 
180315-22:27:52 open /dev/shm/VaufpZWnIbWWw 
180315-22:27:53 write /dev/shm/VaufpZWnIbWWw 
180315-22:27:53 write /dev/shm/VaufpZWnIbWWw 
180315-22:27:53 write /dev/shm/VaufpZWnIbWWw 
180315-22:27:54 write /dev/shm/VaufpZWnIbWWw 
180315-22:27:54 write /dev/shm/VaufpZWnIbWWw 
180315-22:27:55 write /dev/shm/VaufpZWnIbWWw 
180315-22:27:55 write /dev/shm/VaufpZWnIbWWw 
180315-22:27:56 write /dev/shm/VaufpZWnIbWWw 
180315-22:27:56 write /dev/shm/VaufpZWnIbWWw 
180315-22:27:57 write /dev/shm/VaufpZWnIbWWw 
180315-22:27:57 write /dev/shm/VaufpZWnIbWWw 
180315-22:27:57 write /dev/shm/VaufpZWnIbWWw 
180315-22:27:58 write /dev/shm/VaufpZWnIbWWw 
180315-22:27:58 write /dev/shm/VaufpZWnIbWWw 
180315-22:27:59 write /dev/shm/VaufpZWnIbWWw 
180315-22:27:59 write /dev/shm/VaufpZWnIbWWw 
180315-22:27:59 write /dev/shm/VaufpZWnIbWWw 
180315-22:28:00 write /dev/shm/VaufpZWnIbWWw 
180315-22:28:01 write /dev/shm/VaufpZWnIbWWw 
180315-22:28:01 write /dev/shm/VaufpZWnIbWWw 
180315-22:28:01 write /dev/shm/VaufpZWnIbWWw 
180315-22:28:02 write /dev/shm/VaufpZWnIbWWw 
180315-22:28:02 write /dev/shm/VaufpZWnIbWWw 
180315-22:28:03 write /dev/shm/VaufpZWnIbWWw 
180315-22:28:03 write /dev/shm/VaufpZWnIbWWw 
180315-22:28:03 write /dev/shm/VaufpZWnIbWWw 
180315-22:28:04 write /dev/shm/VaufpZWnIbWWw 
180315-22:28:04 write /dev/shm/VaufpZWnIbWWw 
180315-22:28:05 write /dev/shm/VaufpZWnIbWWw 
180315-22:28:05 write /dev/shm/VaufpZWnIbWWw 
180315-22:28:06 write /dev/shm/VaufpZWnIbWWw 
180315-22:28:06 write /dev/shm/VaufpZWnIbWWw 
180315-22:28:06 write /dev/shm/VaufpZWnIbWWw 
180315-22:28:07 write /dev/shm/VaufpZWnIbWWw 
180315-22:28:07 write /dev/shm/VaufpZWnIbWWw 
180315-22:28:08 write /dev/shm/VaufpZWnIbWWw 
180315-22:28:08 write /dev/shm/VaufpZWnIbWWw 
180315-22:28:09 write /dev/shm/VaufpZWnIbWWw 
180315-22:28:09 write /dev/shm/VaufpZWnIbWWw 
180315-22:28:09 write /dev/shm/VaufpZWnIbWWw 
180315-22:28:10 write /dev/shm/VaufpZWnIbWWw 
180315-22:28:10 write /dev/shm/VaufpZWnIbWWw 
180315-22:28:11 write /dev/shm/VaufpZWnIbWWw 
180315-22:28:11 write /dev/shm/VaufpZWnIbWWw 
180315-22:28:11 write /dev/shm/VaufpZWnIbWWw 
180315-22:28:12 write /dev/shm/VaufpZWnIbWWw 
180315-22:28:12 write /dev/shm/VaufpZWnIbWWw 
180315-22:28:13 write /dev/shm/VaufpZWnIbWWw 
180315-22:28:13 write /dev/shm/VaufpZWnIbWWw 
180315-22:28:14 write /dev/shm/VaufpZWnIbWWw 
180315-22:28:14 write /dev/shm/VaufpZWnIbWWw 
180315-22:28:15 write /dev/shm/VaufpZWnIbWWw 
180315-22:28:15 write /dev/shm/VaufpZWnIbWWw 
180315-22:28:16 write /dev/shm/VaufpZWnIbWWw 
180315-22:28:16 write /dev/shm/VaufpZWnIbWWw 
180315-22:28:16 write /dev/shm/VaufpZWnIbWWw 
180315-22:28:17 write /dev/shm/VaufpZWnIbWWw 
180315-22:28:17 write /dev/shm/VaufpZWnIbWWw 
180315-22:28:18 write /dev/shm/VaufpZWnIbWWw 
180315-22:28:18 write /dev/shm/VaufpZWnIbWWw 
180315-22:28:19 write /dev/shm/VaufpZWnIbWWw 
180315-22:28:19 write /dev/shm/VaufpZWnIbWWw 
180315-22:28:19 write /dev/shm/VaufpZWnIbWWw 
180315-22:28:20 write /dev/shm/VaufpZWnIbWWw 
180315-22:28:20 write /dev/shm/VaufpZWnIbWWw 
180315-22:28:21 write /dev/shm/VaufpZWnIbWWw 
180315-22:28:21 write /dev/shm/VaufpZWnIbWWw 
180315-22:28:22 write /dev/shm/VaufpZWnIbWWw 
180315-22:28:22 write /dev/shm/VaufpZWnIbWWw 
180315-22:28:23 write /dev/shm/VaufpZWnIbWWw 
180315-22:28:23 write /dev/shm/VaufpZWnIbWWw 
180315-22:28:23 write /dev/shm/VaufpZWnIbWWw 
180315-22:28:24 write /dev/shm/VaufpZWnIbWWw 
180315-22:28:24 write /dev/shm/VaufpZWnIbWWw 
180315-22:28:25 write /dev/shm/VaufpZWnIbWWw 
180315-22:28:25 write /dev/shm/VaufpZWnIbWWw 
180315-22:28:25 write /dev/shm/VaufpZWnIbWWw 
180315-22:28:26 write /dev/shm/VaufpZWnIbWWw 
180315-22:28:26 write /dev/shm/VaufpZWnIbWWw 
180315-22:28:27 write /dev/shm/VaufpZWnIbWWw 
180315-22:28:27 write /dev/shm/VaufpZWnIbWWw 
180315-22:28:28 write /dev/shm/VaufpZWnIbWWw 
180315-22:28:28 write /dev/shm/VaufpZWnIbWWw 
180315-22:28:28 write /dev/shm/VaufpZWnIbWWw 
180315-22:28:29 write /dev/shm/VaufpZWnIbWWw 
180315-22:28:29 write /dev/shm/VaufpZWnIbWWw 
180315-22:28:30 write /dev/shm/VaufpZWnIbWWw 
180315-22:28:30 write /dev/shm/VaufpZWnIbWWw 
180315-22:28:31 write /dev/shm/VaufpZWnIbWWw 
180315-22:28:31 write /dev/shm/VaufpZWnIbWWw 
180315-22:28:32 write /dev/shm/VaufpZWnIbWWw 
180315-22:28:32 write /dev/shm/VaufpZWnIbWWw 
180315-22:28:32 write /dev/shm/VaufpZWnIbWWw 
180315-22:28:33 write /dev/shm/VaufpZWnIbWWw 
180315-22:28:33 write /dev/shm/VaufpZWnIbWWw 
180315-22:28:34 write /dev/shm/VaufpZWnIbWWw 
180315-22:28:34 write /dev/shm/VaufpZWnIbWWw 
180315-22:28:35 write /dev/shm/VaufpZWnIbWWw 
180315-22:28:35 write /dev/shm/VaufpZWnIbWWw 
180315-22:28:35 write /dev/shm/VaufpZWnIbWWw 
180315-22:28:36 write /dev/shm/VaufpZWnIbWWw 
180315-22:28:36 write /dev/shm/VaufpZWnIbWWw 
180315-22:28:37 write /dev/shm/VaufpZWnIbWWw 
180315-22:28:37 write /dev/shm/VaufpZWnIbWWw 
180315-22:28:38 write /dev/shm/VaufpZWnIbWWw 
180315-22:28:38 write /dev/shm/VaufpZWnIbWWw 
180315-22:28:39 write /dev/shm/VaufpZWnIbWWw 
180315-22:28:39 write /dev/shm/VaufpZWnIbWWw 
180315-22:28:40 write /dev/shm/VaufpZWnIbWWw 
180315-22:28:40 write /dev/shm/VaufpZWnIbWWw 
180315-22:28:40 write /dev/shm/VaufpZWnIbWWw 
180315-22:28:41 write /dev/shm/VaufpZWnIbWWw 
180315-22:28:41 write /dev/shm/VaufpZWnIbWWw 
180315-22:28:42 write /dev/shm/VaufpZWnIbWWw 
180315-22:28:42 write /dev/shm/VaufpZWnIbWWw 
180315-22:28:43 write /dev/shm/VaufpZWnIbWWw 
180315-22:28:43 write /dev/shm/VaufpZWnIbWWw 
180315-22:28:44 write /dev/shm/VaufpZWnIbWWw 
180315-22:28:44 write /dev/shm/VaufpZWnIbWWw 
180315-22:28:44 write /dev/shm/VaufpZWnIbWWw 
180315-22:28:45 write /dev/shm/VaufpZWnIbWWw 
180315-22:28:45 write /dev/shm/VaufpZWnIbWWw 
180315-22:28:46 write /dev/shm/VaufpZWnIbWWw 
180315-22:28:46 write /dev/shm/VaufpZWnIbWWw 
180315-22:28:46 write /dev/shm/VaufpZWnIbWWw 
180315-22:28:47 write /dev/shm/VaufpZWnIbWWw 
180315-22:28:47 write /dev/shm/VaufpZWnIbWWw 
180315-22:28:48 write /dev/shm/VaufpZWnIbWWw 
180315-22:28:48 write /dev/shm/VaufpZWnIbWWw 
180315-22:28:49 write /dev/shm/VaufpZWnIbWWw 
180315-22:28:49 write /dev/shm/VaufpZWnIbWWw 
180315-22:28:49 write /dev/shm/VaufpZWnIbWWw 
180315-22:28:50 write /dev/shm/VaufpZWnIbWWw 
180315-22:28:50 write /dev/shm/VaufpZWnIbWWw 
180315-22:28:51 write /dev/shm/VaufpZWnIbWWw 
180315-22:28:51 write /dev/shm/VaufpZWnIbWWw 
180315-22:28:51 write /dev/shm/VaufpZWnIbWWw 
180315-22:28:52 write /dev/shm/VaufpZWnIbWWw 
180315-22:28:52 write /dev/shm/VaufpZWnIbWWw 
180315-22:28:53 write /dev/shm/VaufpZWnIbWWw 
180315-22:28:53 write /dev/shm/VaufpZWnIbWWw 
180315-22:28:54 write /dev/shm/VaufpZWnIbWWw 
180315-22:28:54 write /dev/shm/VaufpZWnIbWWw 
180315-22:28:54 write /dev/shm/VaufpZWnIbWWw 
180315-22:28:55 write /dev/shm/VaufpZWnIbWWw 
180315-22:28:55 write /dev/shm/VaufpZWnIbWWw 
180315-22:28:56 write /dev/shm/VaufpZWnIbWWw 
180315-22:28:56 write /dev/shm/VaufpZWnIbWWw 
180315-22:28:57 write /dev/shm/VaufpZWnIbWWw 
180315-22:28:57 write /dev/shm/VaufpZWnIbWWw 
180315-22:28:57 write /dev/shm/VaufpZWnIbWWw 
180315-22:28:58 write /dev/shm/VaufpZWnIbWWw 
180315-22:28:58 write /dev/shm/VaufpZWnIbWWw 
180315-22:28:58 close /dev/shm/VaufpZWnIbWWw 
180315-22:29:53 init success 
180315-22:29:53 chattr /dev/shm/vpApNXBUnr 
180315-22:29:53 open /dev/shm/vpApNXBUnr 
180315-22:29:54 write /dev/shm/vpApNXBUnr 
180315-22:29:54 write /dev/shm/vpApNXBUnr 
180315-22:29:55 write /dev/shm/vpApNXBUnr 
180315-22:29:55 write /dev/shm/vpApNXBUnr 
180315-22:29:56 write /dev/shm/vpApNXBUnr 
180315-22:29:56 write /dev/shm/vpApNXBUnr 
180315-22:29:56 write /dev/shm/vpApNXBUnr 
180315-22:29:57 write /dev/shm/vpApNXBUnr 
180315-22:29:57 write /dev/shm/vpApNXBUnr 
180315-22:29:58 write /dev/shm/vpApNXBUnr 
180315-22:29:58 write /dev/shm/vpApNXBUnr 
180315-22:29:58 write /dev/shm/vpApNXBUnr 
180315-22:29:59 write /dev/shm/vpApNXBUnr 
180315-22:29:59 write /dev/shm/vpApNXBUnr 
180315-22:30:00 write /dev/shm/vpApNXBUnr 
180315-22:30:00 write /dev/shm/vpApNXBUnr 
180315-22:30:01 write /dev/shm/vpApNXBUnr 
180315-22:30:01 write /dev/shm/vpApNXBUnr 
180315-22:30:01 write /dev/shm/vpApNXBUnr 
180315-22:30:02 write /dev/shm/vpApNXBUnr 
180315-22:30:02 write /dev/shm/vpApNXBUnr 
180315-22:30:03 write /dev/shm/vpApNXBUnr 
180315-22:30:03 write /dev/shm/vpApNXBUnr 
180315-22:30:04 write /dev/shm/vpApNXBUnr 
180315-22:30:04 write /dev/shm/vpApNXBUnr 
180315-22:30:04 write /dev/shm/vpApNXBUnr 
180315-22:30:05 write /dev/shm/vpApNXBUnr 
180315-22:30:05 write /dev/shm/vpApNXBUnr 
180315-22:30:06 write /dev/shm/vpApNXBUnr 
180315-22:30:06 write /dev/shm/vpApNXBUnr 
180315-22:30:06 write /dev/shm/vpApNXBUnr 
180315-22:30:07 write /dev/shm/vpApNXBUnr 
180315-22:30:07 write /dev/shm/vpApNXBUnr 
180315-22:30:08 write /dev/shm/vpApNXBUnr 
180315-22:30:08 write /dev/shm/vpApNXBUnr 
180315-22:30:09 write /dev/shm/vpApNXBUnr 
180315-22:30:09 write /dev/shm/vpApNXBUnr 
180315-22:30:10 write /dev/shm/vpApNXBUnr 
180315-22:30:10 write /dev/shm/vpApNXBUnr 
180315-22:30:10 write /dev/shm/vpApNXBUnr 
180315-22:30:11 write /dev/shm/vpApNXBUnr 
180315-22:30:11 write /dev/shm/vpApNXBUnr 
180315-22:30:12 write /dev/shm/vpApNXBUnr 
180315-22:30:12 write /dev/shm/vpApNXBUnr 
180315-22:30:13 write /dev/shm/vpApNXBUnr 
180315-22:30:13 write /dev/shm/vpApNXBUnr 
180315-22:30:13 write /dev/shm/vpApNXBUnr 
180315-22:30:14 write /dev/shm/vpApNXBUnr 
180315-22:30:14 write /dev/shm/vpApNXBUnr 
180315-22:30:15 write /dev/shm/vpApNXBUnr 
180315-22:30:15 write /dev/shm/vpApNXBUnr 
180315-22:30:16 write /dev/shm/vpApNXBUnr 
180315-22:30:16 write /dev/shm/vpApNXBUnr 
180315-22:30:17 write /dev/shm/vpApNXBUnr 
180315-22:30:17 write /dev/shm/vpApNXBUnr 
180315-22:30:18 write /dev/shm/vpApNXBUnr 
180315-22:30:18 write /dev/shm/vpApNXBUnr 
180315-22:30:18 write /dev/shm/vpApNXBUnr 
180315-22:30:19 write /dev/shm/vpApNXBUnr 
180315-22:30:19 write /dev/shm/vpApNXBUnr 
180315-22:30:20 write /dev/shm/vpApNXBUnr 
180315-22:30:20 write /dev/shm/vpApNXBUnr 
180315-22:30:21 write /dev/shm/vpApNXBUnr 
180315-22:30:21 write /dev/shm/vpApNXBUnr 
180315-22:30:21 write /dev/shm/vpApNXBUnr 
180315-22:30:22 write /dev/shm/vpApNXBUnr 
180315-22:30:22 write /dev/shm/vpApNXBUnr 
180315-22:30:23 write /dev/shm/vpApNXBUnr 
180315-22:30:23 write /dev/shm/vpApNXBUnr 
180315-22:30:23 write /dev/shm/vpApNXBUnr 
180315-22:30:24 write /dev/shm/vpApNXBUnr 
180315-22:30:24 write /dev/shm/vpApNXBUnr 
180315-22:30:25 write /dev/shm/vpApNXBUnr 
180315-22:30:25 write /dev/shm/vpApNXBUnr 
180315-22:30:26 write /dev/shm/vpApNXBUnr 
180315-22:30:26 write /dev/shm/vpApNXBUnr 
180315-22:30:26 write /dev/shm/vpApNXBUnr 
180315-22:30:27 write /dev/shm/vpApNXBUnr 
180315-22:30:27 write /dev/shm/vpApNXBUnr 
180315-22:30:28 write /dev/shm/vpApNXBUnr 
180315-22:30:28 write /dev/shm/vpApNXBUnr 
180315-22:30:29 write /dev/shm/vpApNXBUnr 
180315-22:30:29 write /dev/shm/vpApNXBUnr 
180315-22:30:30 write /dev/shm/vpApNXBUnr 
180315-22:30:30 write /dev/shm/vpApNXBUnr 
180315-22:30:30 write /dev/shm/vpApNXBUnr 
180315-22:30:31 write /dev/shm/vpApNXBUnr 
180315-22:30:31 write /dev/shm/vpApNXBUnr 
180315-22:30:32 write /dev/shm/vpApNXBUnr 
180315-22:30:32 write /dev/shm/vpApNXBUnr 
180315-22:30:32 write /dev/shm/vpApNXBUnr 
180315-22:30:33 write /dev/shm/vpApNXBUnr 
180315-22:30:33 write /dev/shm/vpApNXBUnr 
180315-22:30:34 write /dev/shm/vpApNXBUnr 
180315-22:30:34 write /dev/shm/vpApNXBUnr 
180315-22:30:35 write /dev/shm/vpApNXBUnr 
180315-22:30:35 write /dev/shm/vpApNXBUnr 
180315-22:30:35 write /dev/shm/vpApNXBUnr 
180315-22:30:36 write /dev/shm/vpApNXBUnr 
180315-22:30:36 write /dev/shm/vpApNXBUnr 
180315-22:30:37 write /dev/shm/vpApNXBUnr 
180315-22:30:37 write /dev/shm/vpApNXBUnr 
180315-22:30:38 write /dev/shm/vpApNXBUnr 
180315-22:30:38 write /dev/shm/vpApNXBUnr 
180315-22:30:39 write /dev/shm/vpApNXBUnr 
180315-22:30:39 write /dev/shm/vpApNXBUnr 
180315-22:30:40 write /dev/shm/vpApNXBUnr 
180315-22:30:40 write /dev/shm/vpApNXBUnr 
180315-22:30:40 write /dev/shm/vpApNXBUnr 
180315-22:30:41 write /dev/shm/vpApNXBUnr 
180315-22:30:41 write /dev/shm/vpApNXBUnr 
180315-22:30:42 write /dev/shm/vpApNXBUnr 
180315-22:30:42 write /dev/shm/vpApNXBUnr 
180315-22:30:43 write /dev/shm/vpApNXBUnr 
180315-22:30:43 write /dev/shm/vpApNXBUnr 
180315-22:30:43 write /dev/shm/vpApNXBUnr 
180315-22:30:44 write /dev/shm/vpApNXBUnr 
180315-22:30:44 write /dev/shm/vpApNXBUnr 
180315-22:30:45 write /dev/shm/vpApNXBUnr 
180315-22:30:45 write /dev/shm/vpApNXBUnr 
180315-22:30:45 write /dev/shm/vpApNXBUnr 
180315-22:30:46 write /dev/shm/vpApNXBUnr 
180315-22:30:46 write /dev/shm/vpApNXBUnr 
180315-22:30:47 write /dev/shm/vpApNXBUnr 
180315-22:30:47 write /dev/shm/vpApNXBUnr 
180315-22:30:48 write /dev/shm/vpApNXBUnr 
180315-22:30:48 write /dev/shm/vpApNXBUnr 
180315-22:30:48 write /dev/shm/vpApNXBUnr 
180315-22:30:49 write /dev/shm/vpApNXBUnr 
180315-22:30:49 write /dev/shm/vpApNXBUnr 
180315-22:30:50 write /dev/shm/vpApNXBUnr 
180315-22:30:50 write /dev/shm/vpApNXBUnr 
180315-22:30:51 write /dev/shm/vpApNXBUnr 
180315-22:30:51 write /dev/shm/vpApNXBUnr 
180315-22:30:52 write /dev/shm/vpApNXBUnr 
180315-22:30:52 write /dev/shm/vpApNXBUnr 
180315-22:30:52 write /dev/shm/vpApNXBUnr 
180315-22:30:53 write /dev/shm/vpApNXBUnr 
180315-22:30:53 close /dev/shm/vpApNXBUnr 
