180302-01:31:12  0101:0101 
180302-01:31:22 0: 
180302-01:31:24 0:  
180302-01:31:33 1234:1234 
180302-01:31:39 admin: 
180302-01:31:47 admin:! 
180302-01:31:49 admin:& 
180302-01:31:53 admin:100000 
180302-01:31:55 admin:1234 
180302-01:31:57 admin:12345 
180302-01:32:08 admin:123456 
180302-01:32:08 admin:admin 
180302-01:32:09 admin:admin01 
180302-01:32:09 admin:admin123 
180302-01:32:10 admin:password 
180302-01:32:14 admin:ubnt 
180302-01:32:28 default:1 
180302-01:32:28 default:default 
180302-01:32:29 ftp:123456 
180302-01:32:36 guest:guest 
180302-01:32:43 operator:operator 
180302-01:32:44 osmc:osmc 
180302-01:32:48 root: 
180302-01:32:49 root:admin 
180302-01:32:49 root:root 
180302-14:55:06  0101:0101 
