180315-22:21:01 root:wubao 
180315-22:21:04 root:wubao 
180315-22:21:07 root:wubao 
180315-22:21:09 root:wubao 
180315-22:21:12 root:wubao 
180315-22:21:14 root:admin 
180315-22:21:18 root:root 
180315-22:21:18 root:alpine 
180315-22:21:19 root:123456 
180315-22:21:23 root:mduadmin 
180315-22:21:25 root:superuser 
180315-22:21:28 root:calvin 
180315-22:21:31 root:root123 
180315-22:21:34 root:password 
180315-22:21:37 root:000000 
180315-22:21:40 root:public 
180315-22:21:41 root:raspberry 
180315-22:21:42 root:admin123 
180315-22:21:45 root:P@ssw0rd 
180315-22:21:48 root:woofwoof 
180315-22:21:51 root:toor 
180315-22:21:54 root:casa 
180315-22:21:56 root:12345678 
180315-22:21:59 root:lab123 
180315-22:22:02 root:passw0rd 
180315-22:22:03 root:root@123 
180315-22:22:04 root:1234 
180315-22:22:18 root:admin@123 
