180315-21:19:26 ubuntu:123456 
180315-21:23:41 ubuntu:ubuntu 
180315-21:27:57 ubuntu:12345678 
180315-21:32:12 ubuntu:123456 
180315-21:36:28 ubuntu:password 
180315-21:40:44 ubuntu:passw0rd 
180315-21:44:59 ubuntu:root 
180315-21:49:15 ubuntu:1 
180315-21:53:31 ubuntu:12 
180315-21:57:47 ubuntu:123 
180315-22:02:02 ubuntu:1234 
180315-22:06:18 ubuntu:12345 
180315-22:10:34 ubnt:1234 
180315-22:14:50 test:test 
180315-22:19:06 test:test123 
180315-22:23:21 test:password 
180315-22:27:37 test1:test1 
180315-22:31:53 test2:test2 
180315-22:36:09 test3:test3 
180315-22:40:24 test4:test4 
180315-22:44:40 test5:test5 
180315-22:48:56 test:root 
180315-22:53:12 test:ubuntu 
180315-22:57:28 test:user 
180315-23:01:44 test:test 
180315-23:06:00 test:testuser 
180315-23:10:17 test:postgres 
180315-23:14:33 test:1 
180315-23:18:49 test:12 
180315-23:23:06 test:123 
180315-23:27:23 test:1234 
180315-23:31:39 test:12345 
180315-23:35:56 test:123456 
180315-23:40:13 test:1234567 
180315-23:44:30 test:12345678 
180315-23:48:46 test:123456789 
180315-23:53:03 deploy:deploy 
180315-23:57:20 deploy:root 
180316-00:01:37 deploy:ubuntu 
180316-00:05:53 deploy:password 
180316-00:10:09 deploy:1 
180316-00:14:27 deploy:12 
180316-00:18:44 deploy:123 
180316-00:23:00 deploy:1234 
180316-00:27:17 deploy:12345 
180316-00:31:34 deploy:123456 
180316-00:35:51 deploy:1234567 
180316-00:40:08 deploy:12345678 
180316-00:44:26 user:password 
180316-00:48:42 user:root 
180316-00:53:00 user:ubuntu 
180316-00:57:17 user:user 
180316-01:01:34 user:1234 
180316-01:05:51 user:123456 
180316-01:10:08 user1:password 
180316-01:14:25 user1:user1 
180316-01:18:42 user1:1234 
180316-01:22:59 user1:root 
180316-01:27:16 user1:ubuntu 
180316-01:31:33 user2:password 
180316-01:35:50 user2:root 
180316-01:40:07 user2:ubuntu 
180316-01:44:24 user2:user 
180316-01:48:41 user2:user 
180316-01:52:57 user2:1234 
180316-01:57:15 user2:123456 
180316-02:01:33 user:123456 
180316-02:05:49 www:www 
180316-02:10:06 www:123456 
180316-02:14:23 www:1234 
180316-02:18:40 packer:packer 
180316-02:22:56 packer:123456 
180316-02:27:13 packer:password 
180316-02:31:31 packer:passw0rd 
180316-02:35:47 packer:p@ssw0rd 
180316-02:40:03 packer:p@ssword 
180316-02:44:20 vagrant:vagrant 
180316-02:48:37 vagrant:1234 
180316-02:52:54 vagrant:123456 
180316-02:57:10 admin:123456 
180316-03:01:26 admin:12345678 
180316-03:05:44 admin:123456789 
180316-03:10:00 admin:password 
180316-03:14:16 admin:passw0rd 
180316-03:18:33 admin:p@ssw0rd 
180316-03:22:50 admin:p@ssword 
180316-03:27:07 admin:root 
180316-03:31:24 developer:123456 
180316-03:35:41 developer:12345678 
180316-03:39:57 developer:123456789 
180316-03:44:13 developer:password 
180316-03:48:30 developer:passw0rd 
180316-03:52:47 developer:p@ssw0rd 
180316-03:57:04 developer:p@ssword 
180316-04:01:20 developer:pass123 
180316-04:05:37 developer:root123 
180316-04:09:54 developer:root 
180316-04:14:11 developer:1qaz2wsx 
180316-04:18:28 developer:1qazxsw2 
180316-04:22:46 developer:1qaz@WSX 
180316-04:27:01 developer:abc123 
180316-04:31:18 elastic:elastic 
180316-04:35:34 elastic:123456 
180316-04:39:52 elastic:password 
180316-04:44:08 elasticsearch:elasticsearch 
180316-04:48:24 elasticsearch:123456 
180316-04:52:41 elasticsearch:12345678 
180316-04:56:58 elasticsearch:password 
180316-05:01:15 git:git 
180316-05:05:31 git:password 
180316-05:09:48 git:gitlab 
180316-05:14:05 git:1 
180316-05:18:22 git:12 
180316-05:22:38 git:123 
180316-05:26:54 git:1234 
180316-05:31:11 git:12345 
180316-05:35:28 git:123456 
180316-05:39:44 git:1234567 
180316-05:44:01 git:12345678 
180316-05:48:18 git:123456789 
180316-05:52:34 git1:git1 
180316-05:56:51 git2:git2 
180316-06:01:08 git3:git3 
180316-06:05:25 git:git123 
180316-06:09:42 github:github 
180316-06:13:58 ts3:ts 
180316-06:18:15 ts:ts 
180316-06:22:32 ts3:ts3 
