180303-01:33:05 root:wubao 
180303-01:33:06 root:wubao 
180303-01:33:07 root:wubao 
180303-01:33:08 root:wubao 
180303-01:33:09 root:wubao 
180303-01:33:10 root:admin 
180303-01:33:11 root:root 
180303-01:33:11 root:alpine 
180303-01:33:12 root:123456 
180303-01:33:17 root:mduadmin 
180303-01:33:18 root:superuser 
180303-01:33:19 root:calvin 
180303-01:33:20 root:root123 
180303-01:33:21 root:password 
180303-01:33:22 root:000000 
180303-01:33:23 root:public 
180303-01:33:24 root:raspberry 
180303-01:33:24 root:admin123 
180303-01:33:29 root:P@ssw0rd 
180303-01:33:30 root:woofwoof 
180303-01:33:31 root:toor 
180303-01:33:32 root:casa 
180303-01:33:33 root:12345678 
180303-01:33:34 root:lab123 
180303-01:33:35 root:passw0rd 
180303-01:33:36 root:root@123 
180303-01:33:36 root:1234 
180303-01:33:41 root:admin@123 
180303-01:33:42 root:abc123 
180303-01:33:43 root:111111 
180303-01:33:44 root:cisco123 
180303-01:33:45 root:jiamima 
180303-01:33:46 root:12345 
180303-01:33:47 root:aqua 
180303-01:33:48 root:default 
180303-01:33:49 root:123 
180303-01:33:53 root:pi 
180303-01:33:54 root:abcd1234 
180303-01:33:55 root:test 
180303-01:33:56 root:1 
180303-01:33:57 root:changeme 
180303-01:33:58 root:Huawei@123 
180303-01:33:59 root:1qaz@WSX 
180303-01:34:00 root:wsad 
180303-01:34:01 root:cisco 
180303-01:34:16 root:redhat 
180303-01:34:17 root:huawei123 
180303-01:34:18 root:1qaz2wsx 
180303-01:34:19 root:root1234 
180303-01:34:20 root:rootroot 
180303-01:34:21 root:bluetooth 
180303-01:34:22 root:Aa123456 
180303-01:34:23 root:123456789 
180303-01:34:24 root:adminpassword 
