180302-22:15:31 root:wubao 
180302-22:15:32 root:wubao 
180302-22:15:33 root:wubao 
180302-22:15:33 root:wubao 
180302-22:15:34 root:wubao 
180302-22:15:35 root:admin 
180302-22:15:36 root:root 
180302-22:15:37 root:alpine 
180302-22:15:38 root:123456 
180302-22:16:25 root:mduadmin 
180302-22:16:26 root:superuser 
180302-22:16:26 root:calvin 
180302-22:16:27 root:root123 
180302-22:16:28 root:password 
180302-22:16:29 root:000000 
180302-22:16:30 root:public 
180302-22:16:31 root:raspberry 
180302-22:16:32 root:admin123 
180302-22:17:12 root:P@ssw0rd 
180302-22:17:13 root:woofwoof 
180302-22:17:14 root:toor 
180302-22:17:15 root:casa 
180302-22:17:16 root:12345678 
180302-22:17:17 root:lab123 
180302-22:17:18 root:passw0rd 
180302-22:17:18 root:root@123 
180302-22:17:19 root:1234 
180302-22:17:24 root:admin@123 
180302-22:17:25 root:abc123 
180302-22:17:26 root:111111 
180302-22:17:27 root:cisco123 
180302-22:17:28 root:jiamima 
180302-22:17:29 root:12345 
180302-22:17:30 root:aqua 
180302-22:17:31 root:default 
180302-22:17:31 root:123 
180302-22:17:36 root:pi 
180302-22:17:37 root:abcd1234 
180302-22:17:38 root:test 
180302-22:17:39 root:1 
180302-22:17:40 root:changeme 
180302-22:17:41 root:Huawei@123 
180302-22:17:42 root:1qaz@WSX 
180302-22:17:43 root:wsad 
180302-22:17:44 root:cisco 
180302-22:17:48 root:redhat 
180302-22:17:49 root:huawei123 
180302-22:17:50 root:1qaz2wsx 
180302-22:17:50 root:root1234 
180302-22:17:51 root:rootroot 
180302-22:17:52 root:bluetooth 
180302-22:17:53 root:Aa123456 
180302-22:17:54 root:123456789 
180302-22:17:55 root:adminpassword 
180302-22:17:59 root:1qaz!QAZ 
180302-22:18:00 root:passwd123 
180302-22:18:01 root:P@ssw0rd! 
180302-22:18:02 root:1234qwer 
180302-22:18:03 root:1986 
180302-22:18:03 root:athens 
180302-22:18:04 root:oracle 
180302-22:18:05 root:ubuntu 
180302-22:18:06 root:server 
180302-22:18:42 root:qwer1234 
180302-22:18:43 root:123qwe 
180302-22:18:43 root:linux 
180302-22:18:44 root:!51@hw#deb 
180302-22:18:45 root:392 
180302-22:18:46 root:centos 
180302-22:18:47 root:qwe123 
180302-22:18:48 root:pass 
180302-22:18:49 root:insight 
180302-22:18:53 root:1q2w3e4r 
180302-22:18:54 root:!QAZ2wsx 
180302-22:18:55 root:0 
180302-22:18:56 root:a123123 
180302-22:18:56 root:Password1 
180302-22:18:57 root:4rfv$RFV 
180302-22:18:58 root:123123 
180302-22:18:59 root:!root 
180302-22:19:00 root:eclipse 
180302-22:19:05 root:sysadmin 
180302-22:19:06 root:vmware 
180302-22:19:07 root:abc@123 
180302-22:19:08 root:!#%& 
180302-22:19:09 root:test1234 
180302-22:19:10 root:tslinux 
180302-22:19:10 root:welcome1 
180302-22:19:11 root:Pa$$w0rd 
180302-22:19:12 root:!qazxsw2 
180302-22:19:17 root:dd 
180302-22:19:18 root:master 
180302-22:19:19 root:qwe123!@# 
180302-22:19:20 root:Welcome123 
180302-22:19:21 root:test123 
180302-22:19:22 root:1qazxsw2 
180302-22:19:23 root:abcd 
180302-22:19:23 root:a 
180302-22:19:24 root:welcome 
180302-22:19:29 root:ubnt 
180302-22:19:30 root:voyage 
180302-22:19:31 root:nimda 
180302-22:19:32 root:passwd 
180302-22:19:33 root:a123456 
180302-22:19:34 root:1q2w3e4r5t 
180302-22:19:35 root:arfarf 
180302-22:19:36 root:altavoces 
180302-22:19:37 root:asd123 
180302-22:19:41 root:123321 
180302-22:19:42 root:operator 
180302-22:19:43 root:qwerty 
180302-22:19:43 root:rootpass 
180302-22:19:44 root:root123456 
180302-22:19:45 root:root00 
180302-22:19:46 root:samsung 
180302-22:19:47 root:super 
180302-22:19:48 root:1234567 
180302-22:19:53 root:asdfasdf 
180302-22:19:54 root:Changeme_123 
180302-22:19:55 root:buffy 
180302-22:19:56 root:1qaz@WSX3edc 
180302-22:19:57 root:1qazxsw@ 
180302-22:19:57 root:666666 
180302-22:19:59 root:root1 
180302-22:19:59 root:password123 
180302-22:20:00 root:zxcvbnm, 
180302-22:20:06 root:q 
180302-22:20:06 root:q1w2e3r4 
180302-22:20:07 root:p 
180302-22:20:08 root:12qwaszx 
180302-22:20:09 root:159753 
180302-22:20:10 root:123qwe!@# 
180302-22:20:11 root:888888 
180302-22:20:12 root:apple 
180302-22:20:13 root:opendoor 
180302-22:20:16 root:root01 
180302-22:20:17 root:vicidialnow 
180302-22:20:18 root:asdf1234 
180302-22:20:19 root:novell 
180302-22:20:20 root:admin1 
180302-22:20:21 root:0000 
180302-22:20:22 root:1234567890 
180302-22:20:22 root:1qaz2wsx3edc 
180302-22:20:23 root:t0talc0ntr0l4! 
180302-22:20:45 root:qwerty123 
180302-22:20:46 root:soho 
180302-22:20:47 root:123.com 
180302-22:20:48 root:!QAZ2wsx#EDC 
180302-22:20:49 root:manager 
180302-22:20:50 root:b 
180302-22:20:51 root:admin01 
180302-22:20:51 root:admin1234 
180302-22:20:52 root:admin888 
180302-22:20:57 root:# 
180302-22:20:58 root:rzx!@!*baizhao 
180302-22:20:59 root:rootme 
180302-22:20:59 root:p@$$w0rd 
180302-22:21:00 root:r00tr00t 
180302-22:21:01 root:qq123456 
180302-22:21:02 root:! 
180302-22:21:03 root:frontier 
180302-22:21:04 root:letmein 
180302-22:21:13 root:admin789 
180302-22:21:14 root:admin123456 
180302-22:21:15 root:bananas 
180302-22:21:16 root:diablo 
180302-22:21:17 root:abc123456 
180302-22:21:17 root:QWEasd123 
180302-22:21:18 root:power 
180302-22:21:19 root:zxcvbnm 
180302-22:21:20 root:zip 
180302-22:21:26 root:zaq12wsx 
180302-22:21:27 root:aaaaaa 
180302-22:21:28 root:1q2w3e 
180302-22:21:28 root:11111111 
180302-22:21:29 root:123qweasd 
180302-22:21:30 root:develop 
180302-22:21:31 root:asdf 
180302-22:21:32 root:asd123456 
180302-22:21:32 root:loveme 
180302-22:21:37 root:mac 
180302-22:21:38 root:P@ssw0rd123 
180302-22:21:39 root:secret 
180302-22:21:40 root:super123 
180302-22:21:40 root:toto 
180302-22:21:41 root:toptop 
180302-22:21:42 root:vagrant 
180302-22:21:43 root:x 
180302-22:21:44 root:superman 
180302-22:21:49 root:pass@word1 
180302-22:21:50 root:qazwsx 
180302-22:21:51 root:admin12345 
180302-22:21:52 root:11111 
180302-22:21:53 root:12341234 
180302-22:21:54 root:14789 
180302-22:21:55 root:123987 
180302-22:21:55 root:102030 
180302-22:21:56 root:111 
180302-22:22:02 root:1qaz#EDC 
180302-22:22:02 root:marvel 
180302-22:22:03 root:juniper 
180302-22:22:04 root:z 
180302-22:22:05 root:t00r 
180302-22:22:06 root:teste 
180302-22:22:07 root:q1w2e3r4t5 
180302-22:22:08 root:presto 
180302-22:22:08 root:qwerty12345 
180302-22:22:13 root:root11 
180302-22:22:14 root:root2 
180302-22:22:15 root:hello123 
180302-22:22:16 root:live 
180302-22:22:17 root:maximus 
180302-22:22:18 root:adminpass 
180302-22:22:19 root:administrator 
180302-22:22:20 root:1nt3rn3t 
180302-22:22:20 root:abc123!@# 
180302-22:22:26 root:- 
180302-22:22:27 root:. 
180302-22:22:27 root:123@abc 
180302-22:22:28 root:1234!@#$ 
180302-22:22:29 root:12345a 
180302-22:22:30 root:100100 
180302-22:22:31 root:1122 
180302-22:22:32 root:abc123. 
180302-22:22:33 root:ABCabc123 
180302-22:22:37 root:admin00 
180302-22:22:38 root:1qaz!QAZ2wsx@WSX 
180302-22:22:39 root:asdfghjkl;' 
180302-22:22:40 root:backup 
180302-22:22:41 root:beacon 
180302-22:22:41 root:cocacola 
180302-22:22:42 root:manager1 
180302-22:22:43 root:gandalf 
180302-22:22:44 root:root123!@# 
180302-22:22:50 root:red123 
180302-22:22:50 root:octopus 
180302-22:22:51 root:oracle123 
180302-22:22:52 root:password@123 
180302-22:22:53 root:root12 
180302-22:22:54 root:root123456789 
180302-22:22:55 root:QWER!@#$ 
180302-22:22:56 root:qwe123asd456 
180302-22:22:57 root:support 
180302-22:23:01 root:lenovo 
180302-22:23:02 root:debian 
180302-22:23:03 root:CactiEZ 
180302-22:23:03 root:asdasd123 
180302-22:23:04 root:159357 
180302-22:23:05 root:abc12345 
180302-22:23:06 root:112233 
180302-22:23:07 root:!QAZ@WSX 
180302-22:23:08 root:123456a 
180302-22:23:12 root:123qwe,./ 
180302-22:23:13 root:1111111 
180302-22:23:13 root:123456. 
180302-22:23:14 root:123abc 
180302-22:23:15 root:123mudar 
180302-22:23:16 root:0okmnji9 
180302-22:23:17 root:1q2w3e4r5t6y 
180302-22:23:18 root:andromeda 
180302-22:23:19 root:escape 
180302-22:23:24 root:mike 
180302-22:23:25 root:matrix 
180302-22:23:26 root:hallo 
180302-22:23:27 root:suckmydick 
180302-22:23:28 root:talent 
180302-22:23:29 root:s 
180302-22:23:30 root:uClinux 
180302-22:23:31 root:vertex25 
180302-22:23:31 root:r00t123 
180302-22:23:36 root:Password01 
180302-22:23:37 root:P@ssw0rd1 
180302-22:23:38 root:ZAQ!2wsx 
180302-22:23:39 root:zxc123456 
180302-22:23:40 root:zxcasdqwe123 
180302-22:23:41 root:P@55w0rd 
180302-22:23:42 root:nopasswd 
180302-22:23:43 root:qaz123 
180302-22:23:44 root:peter 
180302-22:23:53 root:qwerty1 
180302-22:23:54 root:qqq111 
180302-22:23:54 root:tiger 
180302-22:23:55 root:wobuzhidao 
180302-22:23:56 root:security 
180302-22:23:57 root:shadow 
180302-22:23:58 root:sistema 
180302-22:23:59 root:sistemas 
180302-22:23:59 root:system 
180302-22:24:04 root:temp1234 
180302-22:24:05 root:test123456 
180302-22:24:05 root:supp0rt 
180302-22:24:06 root:hadoop 
180302-22:24:07 root:firewall 
180302-22:24:08 root:max 
180302-22:24:09 root:ericsson 
180302-22:24:10 root:dragon 
180302-22:24:11 root:alcatel 
180302-22:24:15 root:asdasd 
180302-22:24:16 root:5t4r3e2w1q 
180302-22:24:17 root:3ngin33r 
180302-22:24:18 root:2wsx@WSX 
180302-22:24:18 root:31415926 
180302-22:24:19 root:a1b2c3d4 
180302-22:24:20 root:1111 
180302-22:24:21 root:1020304050 
180302-22:24:22 root:11223344 
180302-22:24:26 root:$ 
180302-22:24:27 root:00 
180302-22:24:28 root:!QAZ2wsx#EDC4rfv 
180302-22:24:29 root:123654789 
180302-22:24:29 root:123456q 
180302-22:24:30 root:1415926 
180302-22:24:31 root:123@qwe 
180302-22:24:32 root:123123123 
180302-22:24:33 root:a123456789 
180302-22:24:38 root:abakus 
180302-22:24:39 root:1983 
180302-22:24:40 root:albert 
180302-22:24:41 root:banana 
180302-22:24:42 root:azerty 
180302-22:24:43 root:alpha 
180302-22:24:44 root:adminroot 
180302-22:24:44 root:adt123 
180302-22:24:45 root:admini 
180302-22:24:52 root:admin2014 
180302-22:24:53 root:dg123456 
180302-22:24:54 root:exit 
180302-22:24:55 root:demo 
180302-22:24:56 root:config 
180302-22:24:57 root:bismillah 
180302-22:24:58 root:blink182 
180302-22:24:59 root:l 
180302-22:24:59 root:mariah 
180302-22:25:03 root:lol 
180302-22:25:04 root:ferrari 
180302-22:25:05 root:guest1 
180302-22:25:06 root:juniper1 
180302-22:25:07 root:huawei 
180302-22:25:08 root:supervisor 
180302-22:25:09 root:test123123 
180302-22:25:10 root:system1 
180302-22:25:10 root:z123456 
180302-22:25:16 root:toor123 
180302-22:25:17 root:qwaszx 
180302-22:25:17 root:redhat@123 
180302-22:25:18 root:root@1234 
180302-22:25:19 root:Q!W@E#R$T% 
180302-22:25:20 root:q1 
180302-22:25:21 root:orange 
180302-22:25:22 root:P@ssw0rd@123 
180302-22:25:23 root:P@ssword123 
180302-22:25:27 root:zabbix 
180302-22:25:28 root:password01! 
180302-22:25:29 root:qaz123!@# 
180302-22:25:30 root:raptor 
180302-22:25:31 root:root2root 
180302-22:25:32 root:rootadmin 
180302-22:25:33 root:qwertyui 
180302-22:25:33 root:qwertyuiop 
180302-22:25:34 root:testtest 
180302-22:25:38 root:vandidei12 
180302-22:25:39 root:xiaofeng 
180302-22:25:40 root:webadmin 
180302-22:25:41 root:install 
180302-22:25:42 root:helloworld 
180302-22:25:43 root:genius 
180302-22:25:44 root:fedora 
180302-22:25:45 root:flzx3qcysyhl9t 
180302-22:25:45 root:leila 
180302-22:25:50 root:masterkey 
180302-22:25:50 root:niagara 
180302-22:25:51 root:muiemuie123 
180302-22:25:52 root:boss 
180302-22:25:53 root:cherokee 
180302-22:25:54 root:crystal 
180302-22:25:55 root:daniel 
180302-22:25:56 root:adminadmin 
180302-22:25:56 root:Alcatel1 
180302-22:26:02 root:andrea 
180302-22:26:03 root:asshole 
180302-22:26:04 root:banane 
180302-22:26:05 root:1q2w 
180302-22:26:06 root:1qaz@WSX3edc$RFV 
180302-22:26:06 root:3 
180302-22:26:07 root:55555 
180302-22:26:08 root:654321 
180302-22:26:09 root:1212 
180302-22:26:13 root:123412345 
180302-22:26:14 root:13579 
180302-22:26:15 root:147147 
180302-22:26:16 root:159159 
180302-22:26:16 root:12345qwert 
180302-22:26:17 root:123456abc 
180302-22:26:18 root:1234qwer!@#$ 
180302-22:26:19 root:!Q@W#E$R 
180302-22:26:20 root:"" 
180302-22:26:25 root:* 
180302-22:26:26 root:!@#$%qwert 
180302-22:26:27 root:1235 
180302-22:26:28 root:123654 
180302-22:26:29 root:1234568 
180302-22:26:29 root:1234abcd 
180302-22:26:30 root:142857 
180302-22:26:31 root:13324124 
180302-22:26:32 root:1234.com 
180302-22:26:37 root:123456789a 
180302-22:26:38 root:999999999 
180302-22:26:39 root:abcde12345 
180302-22:26:40 root:admin!@# 
180302-22:26:41 root:336699 
180302-22:26:42 root:1qaz3edc 
180302-22:26:43 root:1qazxsw23edcvfr45tgb 
180302-22:26:43 root:163202 
180302-22:26:44 root:1q2w3e4r5t6y7u 
180302-22:26:49 root:1qa2ws3ed 
180302-22:26:50 root:asterisk 
180302-22:26:51 root:dreambox 
180302-22:26:52 root:cn123456 
180302-22:26:53 root:bbcast 
180302-22:26:54 root:kingsoft 
180302-22:26:55 root:linuxroot 
180302-22:26:55 root:maomao 
180302-22:26:56 root:funshion 
180302-22:27:00 root:idc12345 
180302-22:27:01 root:woaini521 
180302-22:27:02 root:yuiop 
180302-22:27:03 root:tomoiaga1000 
180302-22:27:04 root:testing123 
180302-22:27:05 root:teste123 
180302-22:27:05 root:suporte 
180302-22:27:06 root:sun123 
180302-22:27:07 root:switch 
180302-22:27:12 root:sirius 
180302-22:27:13 root:starwars 
180302-22:27:14 root:r 
180302-22:27:15 root:qwerasdf 
180302-22:27:16 root:qweqwe123 
180302-22:27:17 root:qwe123123 
180302-22:27:18 root:qweasdzxc 
180302-22:27:18 root:qw123456 
180302-22:27:19 root:root99 
180302-22:27:23 root:royal 
180302-22:27:24 root:raid 
180302-22:27:25 root:root! 
180302-22:27:26 root:reset 
180302-22:27:27 root:rewqfdsa 
180302-22:27:28 root:qazwsxedc 
180302-22:27:29 root:q1w2e3r4t5y6 
180302-22:27:29 root:password@1 
180302-22:27:30 root:pass123 
180302-22:27:34 root:pass1234 
180302-22:27:35 root:zaqxsw123 
180302-22:27:36 root:zxcvbnm,./ 
180302-22:27:37 root:zxcvbnm123 
180302-22:27:37 root:pakistan 
180302-22:27:38 root:passroot 
180302-22:27:39 root:P4ssw0rd 
180302-22:27:40 root:nothing 
180302-22:27:41 root:password2 
180302-22:27:46 root:phoenix 
180302-22:27:47 root:poptarts 
180302-22:27:48 root:plm 
180302-22:27:49 root:proper 
180302-22:27:50 root:qawsedrf 
180302-22:27:50 root:qaz123qaz 
180302-22:27:51 root:qaz123wsx 
180302-22:27:52 root:reverse 
180302-22:27:53 root:qweqwe 
180302-22:27:58 root:redhat123 
180302-22:27:59 root:qwe123qwe123 
180302-22:28:00 root:qwe12345 
180302-22:28:01 root:r00t 
180302-22:28:02 root:siemens 
180302-22:28:03 root:secure 
180302-22:28:04 root:setup 
180302-22:28:04 root:sandiego 
180302-22:28:05 root:test12 
180302-22:28:09 root:ThankYou 
180302-22:28:10 root:valeria 
180302-22:28:11 root:user 
180302-22:28:12 root:vinci123 
180302-22:28:13 root:waters 
180302-22:28:14 root:werner 
180302-22:28:15 root:id 
180302-22:28:15 root:gfhjkm 
180302-22:28:16 root:goodidea 
180302-22:28:21 root:google 
180302-22:28:22 root:kmi 
180302-22:28:23 root:king 
180302-22:28:24 root:l3tm31n 
180302-22:28:25 root:maximilian 
180302-22:28:26 root:bbbbbb 
180302-22:28:27 root:bond007 
180302-22:28:28 root:calvin1 
180302-22:28:28 root:ciscoadmin 
180302-22:28:33 root:domain 
180302-22:28:35 root:defender 
180302-22:28:35 root:com123 
180302-22:28:36 root:asd 
180302-22:28:37 root:aqswdefr 
180302-22:28:38 root:apollo 
180302-22:28:39 root:aptx4869 
180302-22:28:40 root:andrew 
180302-22:28:41 root:angel123 
180302-22:28:46 root:admin123!@# 
180302-22:28:47 root:2 
180302-22:28:48 root:1qayxsw2 
180302-22:28:49 root:2wsx3edc 
180302-22:28:50 root:2222 
180302-22:28:50 root:223344 
180302-22:28:51 root:5201314 
180302-22:28:52 root:4dm1n 
180302-22:28:53 root:369369 
180302-22:28:58 root:4321 
180302-22:28:59 root:abc-123 
180302-22:29:00 root:Abc123! 
180302-22:29:01 root:a1s2d3f4g5 
180302-22:29:02 root:88888888 
180302-22:29:03 root:88488848 
180302-22:29:03 root:12344321 
180302-22:29:04 root:147258 
180302-22:29:05 root:147258369 
180302-22:30:46 root:142536 
180302-22:30:47 root:12345678a 
180302-22:30:48 root:1234qwer! 
180302-22:30:49 root:!@# 
180302-22:30:50 root:1123581321 
180302-22:30:51 root:1010 
180302-22:30:51 root:00000 
180302-22:30:52 root:0101 
180302-22:30:53 root:+ 
180302-22:30:57 root:100200300 
180302-22:30:58 root:110119 
180302-22:30:59 root:!@#123qwe 
180302-22:31:00 root:!@#$%^&*() 
180302-22:31:01 root:123qaz 
180302-22:31:01 root:123456a? 
180302-22:31:02 root:1234abcd! 
180302-22:31:03 root:123456qq 
180302-22:31:04 root:131313 
180302-22:31:09 root:123qwe123qwe 
180302-22:31:10 root:1234567a 
180302-22:31:11 root:1234567890qwertyuiop 
180302-22:31:12 root:123!@#qwe 
180302-22:31:13 root:112358 
180302-22:31:14 root:12121212 
180302-22:31:15 root:123123!@# 
180302-22:31:15 root:74123698 
180302-22:31:16 root:741852 
180302-22:31:21 root:666999 
180302-22:31:22 root:963963 
180302-22:31:22 root:88 
180302-22:31:23 root:55 
180302-22:31:24 root:654654 
180302-22:31:25 root:686868 
180302-22:31:26 root:a123123123 
180302-22:31:27 root:aabbcc 
180302-22:31:28 root:aaaa 
180302-22:31:32 root:aaa123 
180302-22:31:33 root:admin!@#$ 
180302-22:31:33 root:adamadam 
180302-22:31:34 root:4321rewq 
180302-22:31:35 root:456654 
180302-22:31:36 root:456852 
180302-22:31:37 root:4r3e2w1q 
180302-22:31:38 root:55555555 
180302-22:31:39 root:21vianet 
180302-22:33:14 root:35 
180302-22:33:15 root:35inter.com 
180302-22:33:16 root:321321 
180302-22:33:16 root:1qazse4 
180302-22:33:17 root:2001 
180302-22:33:18 root:1z2x3c4v 
180302-22:33:19 root:1qay2wsx 
180302-22:33:20 root:163.com 
180302-22:33:21 root:1975 
180302-22:33:25 root:1979 
180302-22:33:26 root:admin1111 
180302-22:33:27 root:anaconda 
180302-22:33:28 root:alliance 
180302-22:33:29 root:asdasdasd 
180302-22:33:29 root:asdf123 
180302-22:33:30 root:asdfg 
180302-22:33:31 root:asdfg12345 
180302-22:33:32 root:better 
180302-22:33:37 root:asdfghjkl 
180302-22:33:38 root:azsxdcfv 
180302-22:33:39 root:compaq 
180302-22:33:40 root:dell123 
180302-22:33:41 root:cptbtptp 
180302-22:33:42 root:desarrollo 
180302-22:33:43 root:dialog 
180302-22:33:43 root:driver 
180302-22:33:44 root:falcon 
180302-22:33:49 root:fastweb 
180302-22:33:50 root:Cloud123 
180302-22:33:51 root:cdnadmin 
180302-22:33:52 root:ch@ng3m3 
180302-22:33:53 root:candyman 
180302-22:33:54 root:capslock 
180302-22:33:55 root:bonjour 
180302-22:33:55 root:master1 
180302-22:33:56 root:mohammad 
180302-22:34:02 root:m 
180302-22:34:02 root:mihai1982 
180302-22:34:03 root:nigger 
180302-22:34:04 root:netbar 
180302-22:34:05 root:new123 
180302-22:34:06 root:l3tm3in 
180302-22:34:07 root:letacla 
180302-22:34:08 root:lalala 
180302-22:34:09 root:martin 
180302-22:35:34 root:love 
180302-22:35:35 root:hacker 
180302-22:35:36 root:hehe 
180302-22:35:37 root:fernando 
180302-22:35:37 root:hn123456 
180302-22:35:38 root:javier 
180302-22:35:39 root:jingjing 
180302-22:35:40 root:viewsonic 
180302-22:35:41 root:xy123456 
180302-22:35:46 root:xiamen 
180302-22:35:47 root:vps123 
180302-22:35:48 root:w3lc0m3 
180302-22:35:48 root:valentin 
180302-22:35:49 root:training 
180302-22:35:50 root:trebor 
180302-22:35:51 root:testing 
180302-22:35:52 root:trustno1 
180302-22:35:53 root:system123 
180302-22:35:57 root:sun 
180302-22:35:58 root:superadmin 
180302-22:35:59 root:sd12345 
180302-22:35:59 root:servidor 
180302-22:36:00 root:student 
180302-22:36:01 root:su 
180302-22:36:02 root:start 
180302-22:36:03 root:stargate 
180302-22:36:04 root:spectrum 
180302-22:36:11 root:qwerty1234 
180302-22:36:12 root:qwerty123456 
180302-22:36:12 root:qwe@123 
180302-22:36:13 root:qweasd 
180302-22:36:14 root:qwert 
180302-22:36:15 root:qwert123 
180302-22:36:16 root:qwe123456 
180302-22:36:17 root:qwe 
180302-22:36:18 root:qwe123qwe 
180302-22:36:25 root:qqwwee 
180302-22:36:26 root:q1w2e3 
180302-22:36:26 root:qqq 
180302-22:36:27 root:rio 
180302-22:36:28 root:ruijie 
180302-22:36:29 root:rooter 
180302-22:36:30 root:root321 
180302-22:36:31 root:root!@# 
180302-22:36:32 root:pumpkin 
180302-22:36:36 root:planet1 
180302-22:36:37 root:powerpc 
180302-22:36:38 root:ppp 
180302-22:36:39 root:muie123 
180302-22:36:39 root:pa55w0rd 
180302-22:36:40 root:pa55word 
180302-22:36:41 root:pandora 
180302-22:36:42 root:paris 
180302-22:36:43 root:zzzzzz 
180302-22:36:47 root:zxcv1234 
180302-22:36:48 root:zhuhai 
180302-22:36:49 root:ys168.com 
180302-22:36:50 root:zaq123 
180302-22:36:51 root:zj123456 
180302-22:36:51 root:zxasqw12 
180302-22:36:52 root:zxc 
180302-22:36:53 root:zhang123 
180302-22:36:54 root:zxczxc 
180302-22:36:58 root:pan 
180302-22:36:59 root:parolamea 
180302-22:37:00 root:panda 
180302-22:37:01 root:Pass@word 
180302-22:37:02 root:Passw0rd. 
180302-22:37:02 root:password! 
180302-22:37:03 root:password!@# 
180302-22:37:04 root:p@ssword 
180302-22:37:05 root:Pa$$w0rd1 
180302-22:37:10 root:P455w0rd 
180302-22:37:11 root:operation 
180302-22:37:12 root:oicu812 
180302-22:37:13 root:ok 
180302-22:37:14 root:okok 
180302-22:37:15 root:okxr159357 
180302-22:37:16 root:power123 
180302-22:37:16 root:poiuy 
180302-22:37:17 root:police 
180302-22:37:23 root:password1234 
180302-22:37:24 root:philipp 
180302-22:37:25 root:prova 
180302-22:37:26 root:q123456 
180302-22:37:27 root:qaz12qwe 
180302-22:37:28 root:qaz123456 
180302-22:37:29 root:qazwsxedc123 
180302-22:37:29 root:qazwsx!@# 
180302-22:37:30 root:qazwsx123 
180302-22:37:34 root:qazwsx1234 
180302-22:37:35 root:root10 
180302-22:37:36 root:root12345 
180302-22:37:37 root:roott 
180302-22:37:38 root:rush2112 
180302-22:37:39 root:ricardo 
180302-22:37:40 root:roooot 
180302-22:37:40 root:root!! 
180302-22:37:41 root:root0 
180302-22:37:45 root:redcloud 
180302-22:37:46 root:recovery 
180302-22:37:47 root:racine 
180302-22:37:48 root:qq313994716. 
180302-22:37:49 root:qq5201314 
180302-22:37:50 root:qazxcdews 
180302-22:37:50 root:qazxswedc 
180302-22:37:51 root:qwe!@#123 
180302-22:37:52 root:qwert12345 
180302-22:37:56 root:qwerty11 
180302-22:37:57 root:qwerty12 
180302-22:37:58 root:qweqweqwe 
180302-22:37:58 root:qwer`123 
180302-22:37:59 root:qwer123 
180302-22:38:00 root:stark 
180302-22:38:01 root:steve 
180302-22:38:02 root:sips 
180302-22:38:03 root:skype 
