180315-21:04:14 root:123456 
180315-21:04:17 root:root 
180315-21:04:18 root:password 
180315-21:04:22 root:passwrod 
180315-21:04:25 root:root123 
180315-21:04:27 root:ubuntu 
180315-21:04:31 root:centos6svm 
180315-21:04:33 root:sarmistha 
180315-21:04:36 root:sargam 
180315-21:04:39 root:saradomin 
180315-21:04:42 root:saprissa 
180315-21:04:44 root:saopaulo 
180315-21:04:48 root:santoso 
180315-21:04:50 root:sanjuan 
180315-21:04:52 root:sanjaya 
180315-21:04:57 root:sanford 
180315-21:04:59 root:sandya 
180315-21:05:02 root:sanctuary 
180315-21:05:06 root:samruddhi 
180315-21:05:07 root:sampurna 
180315-21:05:10 root:sampdoria 
180315-21:05:14 root:samisami 
180315-21:05:16 root:salvation1 
180315-21:05:19 root:salvatio 
180315-21:05:23 root:sally123 
180315-21:05:25 root:salinas 
180315-21:05:27 root:salina 
180315-21:05:31 root:sakuragi 
180315-21:05:33 root:saikumar 
180315-21:05:36 root:sahoo123 
180315-21:05:40 root:sabotage 
180315-21:05:42 root:sabitha 
180315-21:05:44 root:s3cur1ty 
180315-21:05:49 root:s12345678 
180315-21:05:51 root:rycerz 
180315-21:05:53 root:rushhour 
180315-21:05:58 root:runescape1 
180315-21:06:01 root:ruffryder 
180315-21:06:03 root:ruckus 
180315-21:06:07 root:roxydog 
180315-21:06:09 root:rosalina 
180315-21:06:12 root:rootroot 
180315-21:06:17 root:romeos 
180315-21:06:19 root:romaroma 
180315-21:06:21 root:romance1 
180315-21:06:28 root:rollercoaster 
180315-21:06:31 root:roland1 
180315-21:06:33 root:rodrigue 
180315-21:06:37 root:rodolfo 
180315-21:06:40 root:rockyboy 
180315-21:06:43 root:rockshox 
180315-21:06:46 root:rocko 
180315-21:06:49 root:rockme 
180315-21:06:51 root:rockfort 
180315-21:06:55 root:rocket1 
180315-21:06:58 root:robins 
180315-21:07:00 root:roberto1 
180315-21:07:06 root:robert11 
180315-21:07:08 root:ripple 
180315-21:07:11 root:ripazha 
180315-21:07:15 root:ringo1 
180315-21:07:18 root:ridhima 
180315-21:07:20 root:rico 
180315-21:07:24 root:richman 
180315-21:07:26 root:richa 
180315-21:07:29 root:reservoir 
180315-21:07:52 root:123456 
180315-21:07:55 root:root 
180315-21:07:57 root:password 
180315-21:08:06 root:passwrod 
180315-21:08:08 root:root123 
180315-21:08:10 root:ubuntu 
180315-21:08:18 root:centos6svm 
180315-21:08:19 root:sarmistha 
180315-21:08:22 root:sargam 
180315-21:08:28 root:saradomin 
180315-21:08:31 root:saprissa 
180315-21:08:33 root:saopaulo 
180315-21:08:38 root:santoso 
180315-21:08:41 root:sanjuan 
180315-21:08:43 root:sanjaya 
180315-21:08:47 root:sanford 
180315-21:08:50 root:sandya 
180315-21:08:52 root:sanctuary 
180315-21:08:57 root:samruddhi 
180315-21:08:59 root:sampurna 
180315-21:09:01 root:sampdoria
180315-21:09:01 p2p:broker@123
180315-21:09:01 p2p:broker@123
